{"C:\\Users\\laucl\\Projects\\Techies\\Thryffy\\thryffy-webservice\\src\\scripts.js": {"path":"C:\\Users\\laucl\\Projects\\Techies\\Thryffy\\thryffy-webservice\\src\\scripts.js","statementMap":{},"fnMap":{},"branchMap":{},"s":{},"f":{},"b":{},"_coverageSchema":"1a1c01bbd47fc00a2c39e90264f33305004495a9","hash":"5cc6de8047662f5a44d66414bd656ebc2a36460f"}
,"C:\\Users\\laucl\\Projects\\Techies\\Thryffy\\thryffy-webservice\\src\\server.js": {"path":"C:\\Users\\laucl\\Projects\\Techies\\Thryffy\\thryffy-webservice\\src\\server.js","statementMap":{"0":{"start":{"line":2,"column":0},"end":{"line":2,"column":28}},"1":{"start":{"line":3,"column":0},"end":{"line":3,"column":21}},"2":{"start":{"line":7,"column":0},"end":{"line":7,"column":16}},"3":{"start":{"line":28,"column":11},"end":{"line":28,"column":28}},"4":{"start":{"line":29,"column":0},"end":{"line":29,"column":19}},"5":{"start":{"line":30,"column":0},"end":{"line":30,"column":26}},"6":{"start":{"line":31,"column":0},"end":{"line":31,"column":26}},"7":{"start":{"line":39,"column":12},"end":{"line":39,"column":21}},"8":{"start":{"line":43,"column":0},"end":{"line":43,"column":31}},"9":{"start":{"line":45,"column":0},"end":{"line":45,"column":70}},"10":{"start":{"line":46,"column":0},"end":{"line":46,"column":67}},"11":{"start":{"line":47,"column":0},"end":{"line":47,"column":23}},"12":{"start":{"line":48,"column":0},"end":{"line":48,"column":18}},"13":{"start":{"line":50,"column":0},"end":{"line":54,"column":2}},"14":{"start":{"line":52,"column":53},"end":{"line":52,"column":71}},"15":{"start":{"line":56,"column":0},"end":{"line":56,"column":24}},"16":{"start":{"line":65,"column":0},"end":{"line":71,"column":2}},"17":{"start":{"line":73,"column":0},"end":{"line":73,"column":26}},"18":{"start":{"line":75,"column":0},"end":{"line":75,"column":42}},"19":{"start":{"line":75,"column":34},"end":{"line":75,"column":40}},"20":{"start":{"line":76,"column":0},"end":{"line":76,"column":42}},"21":{"start":{"line":76,"column":34},"end":{"line":76,"column":40}},"22":{"start":{"line":78,"column":0},"end":{"line":78,"column":23}},"23":{"start":{"line":80,"column":0},"end":{"line":80,"column":12}},"24":{"start":{"line":83,"column":0},"end":{"line":109,"column":3}},"25":{"start":{"line":84,"column":2},"end":{"line":86,"column":3}},"26":{"start":{"line":85,"column":4},"end":{"line":85,"column":59}},"27":{"start":{"line":87,"column":2},"end":{"line":90,"column":3}},"28":{"start":{"line":89,"column":4},"end":{"line":89,"column":21}},"29":{"start":{"line":92,"column":2},"end":{"line":92,"column":32}},"30":{"start":{"line":94,"column":2},"end":{"line":94,"column":32}},"31":{"start":{"line":95,"column":2},"end":{"line":107,"column":3}},"32":{"start":{"line":96,"column":4},"end":{"line":96,"column":26}},"33":{"start":{"line":98,"column":23},"end":{"line":98,"column":26}},"34":{"start":{"line":99,"column":4},"end":{"line":103,"column":5}},"35":{"start":{"line":100,"column":6},"end":{"line":100,"column":48}},"36":{"start":{"line":101,"column":11},"end":{"line":103,"column":5}},"37":{"start":{"line":102,"column":6},"end":{"line":102,"column":50}},"38":{"start":{"line":105,"column":4},"end":{"line":105,"column":27}},"39":{"start":{"line":108,"column":2},"end":{"line":108,"column":16}},"40":{"start":{"line":110,"column":16},"end":{"line":110,"column":63}},"41":{"start":{"line":112,"column":0},"end":{"line":115,"column":3}},"42":{"start":{"line":113,"column":18},"end":{"line":113,"column":60}},"43":{"start":{"line":114,"column":2},"end":{"line":114,"column":96}},"44":{"start":{"line":117,"column":0},"end":{"line":117,"column":37}}},"fnMap":{"0":{"name":"(anonymous_0)","decl":{"start":{"line":52,"column":20},"end":{"line":52,"column":21}},"loc":{"start":{"line":52,"column":53},"end":{"line":52,"column":71}},"line":52},"1":{"name":"(anonymous_1)","decl":{"start":{"line":75,"column":14},"end":{"line":75,"column":15}},"loc":{"start":{"line":75,"column":34},"end":{"line":75,"column":40}},"line":75},"2":{"name":"(anonymous_2)","decl":{"start":{"line":76,"column":14},"end":{"line":76,"column":15}},"loc":{"start":{"line":76,"column":34},"end":{"line":76,"column":40}},"line":76},"3":{"name":"(anonymous_3)","decl":{"start":{"line":83,"column":8},"end":{"line":83,"column":9}},"loc":{"start":{"line":83,"column":33},"end":{"line":109,"column":1}},"line":83},"4":{"name":"(anonymous_4)","decl":{"start":{"line":112,"column":53},"end":{"line":112,"column":54}},"loc":{"start":{"line":112,"column":59},"end":{"line":115,"column":1}},"line":112}},"branchMap":{"0":{"loc":{"start":{"line":84,"column":2},"end":{"line":86,"column":3}},"type":"if","locations":[{"start":{"line":84,"column":2},"end":{"line":86,"column":3}},{"start":{"line":84,"column":2},"end":{"line":86,"column":3}}],"line":84},"1":{"loc":{"start":{"line":87,"column":2},"end":{"line":90,"column":3}},"type":"if","locations":[{"start":{"line":87,"column":2},"end":{"line":90,"column":3}},{"start":{"line":87,"column":2},"end":{"line":90,"column":3}}],"line":87},"2":{"loc":{"start":{"line":94,"column":13},"end":{"line":94,"column":30}},"type":"binary-expr","locations":[{"start":{"line":94,"column":13},"end":{"line":94,"column":23}},{"start":{"line":94,"column":27},"end":{"line":94,"column":30}}],"line":94},"3":{"loc":{"start":{"line":95,"column":2},"end":{"line":107,"column":3}},"type":"if","locations":[{"start":{"line":95,"column":2},"end":{"line":107,"column":3}},{"start":{"line":95,"column":2},"end":{"line":107,"column":3}}],"line":95},"4":{"loc":{"start":{"line":99,"column":4},"end":{"line":103,"column":5}},"type":"if","locations":[{"start":{"line":99,"column":4},"end":{"line":103,"column":5}},{"start":{"line":99,"column":4},"end":{"line":103,"column":5}}],"line":99},"5":{"loc":{"start":{"line":101,"column":11},"end":{"line":103,"column":5}},"type":"if","locations":[{"start":{"line":101,"column":11},"end":{"line":103,"column":5}},{"start":{"line":101,"column":11},"end":{"line":103,"column":5}}],"line":101},"6":{"loc":{"start":{"line":110,"column":16},"end":{"line":110,"column":63}},"type":"binary-expr","locations":[{"start":{"line":110,"column":16},"end":{"line":110,"column":47}},{"start":{"line":110,"column":51},"end":{"line":110,"column":63}}],"line":110},"7":{"loc":{"start":{"line":112,"column":11},"end":{"line":112,"column":51}},"type":"binary-expr","locations":[{"start":{"line":112,"column":11},"end":{"line":112,"column":43}},{"start":{"line":112,"column":47},"end":{"line":112,"column":51}}],"line":112},"8":{"loc":{"start":{"line":113,"column":18},"end":{"line":113,"column":60}},"type":"binary-expr","locations":[{"start":{"line":113,"column":18},"end":{"line":113,"column":54}},{"start":{"line":113,"column":58},"end":{"line":113,"column":60}}],"line":113},"9":{"loc":{"start":{"line":114,"column":52},"end":{"line":114,"column":92}},"type":"binary-expr","locations":[{"start":{"line":114,"column":52},"end":{"line":114,"column":84}},{"start":{"line":114,"column":88},"end":{"line":114,"column":92}}],"line":114}},"s":{"0":1,"1":1,"2":1,"3":1,"4":1,"5":1,"6":1,"7":1,"8":1,"9":1,"10":1,"11":1,"12":1,"13":1,"14":0,"15":1,"16":1,"17":1,"18":1,"19":1,"20":1,"21":0,"22":1,"23":1,"24":1,"25":1,"26":0,"27":1,"28":0,"29":1,"30":1,"31":1,"32":1,"33":0,"34":0,"35":0,"36":0,"37":0,"38":0,"39":1,"40":1,"41":1,"42":1,"43":1,"44":1},"f":{"0":0,"1":1,"2":0,"3":1,"4":1},"b":{"0":[0,1],"1":[0,1],"2":[1,1],"3":[1,0],"4":[0,0],"5":[0,0],"6":[1,0],"7":[1,0],"8":[1,0],"9":[1,0]},"_coverageSchema":"1a1c01bbd47fc00a2c39e90264f33305004495a9","hash":"249b42a4eb66d5d61100d15debfcc438e3e581dc"}
,"C:\\Users\\laucl\\Projects\\Techies\\Thryffy\\thryffy-webservice\\src\\configs\\configs.js": {"path":"C:\\Users\\laucl\\Projects\\Techies\\Thryffy\\thryffy-webservice\\src\\configs\\configs.js","statementMap":{"0":{"start":{"line":3,"column":15},"end":{"line":3,"column":32}},"1":{"start":{"line":5,"column":0},"end":{"line":5,"column":16}},"2":{"start":{"line":7,"column":23},"end":{"line":7,"column":70}},"3":{"start":{"line":8,"column":20},"end":{"line":8,"column":60}},"4":{"start":{"line":9,"column":26},"end":{"line":9,"column":53}},"5":{"start":{"line":10,"column":27},"end":{"line":10,"column":55}},"6":{"start":{"line":11,"column":28},"end":{"line":11,"column":52}},"7":{"start":{"line":12,"column":21},"end":{"line":12,"column":49}},"8":{"start":{"line":13,"column":27},"end":{"line":13,"column":52}},"9":{"start":{"line":15,"column":22},"end":{"line":15,"column":40}},"10":{"start":{"line":16,"column":19},"end":{"line":20,"column":1}},"11":{"start":{"line":22,"column":24},"end":{"line":28,"column":1}},"12":{"start":{"line":30,"column":26},"end":{"line":39,"column":1}}},"fnMap":{},"branchMap":{"0":{"loc":{"start":{"line":7,"column":23},"end":{"line":7,"column":70}},"type":"binary-expr","locations":[{"start":{"line":7,"column":23},"end":{"line":7,"column":54}},{"start":{"line":7,"column":58},"end":{"line":7,"column":70}}],"line":7},"1":{"loc":{"start":{"line":8,"column":20},"end":{"line":8,"column":60}},"type":"binary-expr","locations":[{"start":{"line":8,"column":20},"end":{"line":8,"column":52}},{"start":{"line":8,"column":56},"end":{"line":8,"column":60}}],"line":8},"2":{"loc":{"start":{"line":35,"column":10},"end":{"line":35,"column":50}},"type":"binary-expr","locations":[{"start":{"line":35,"column":10},"end":{"line":35,"column":43}},{"start":{"line":35,"column":47},"end":{"line":35,"column":50}}],"line":35},"3":{"loc":{"start":{"line":36,"column":12},"end":{"line":36,"column":82}},"type":"binary-expr","locations":[{"start":{"line":36,"column":12},"end":{"line":36,"column":46}},{"start":{"line":36,"column":50},"end":{"line":36,"column":82}}],"line":36},"4":{"loc":{"start":{"line":37,"column":9},"end":{"line":37,"column":135}},"type":"cond-expr","locations":[{"start":{"line":37,"column":94},"end":{"line":37,"column":123}},{"start":{"line":37,"column":126},"end":{"line":37,"column":135}}],"line":37},"5":{"loc":{"start":{"line":37,"column":9},"end":{"line":37,"column":91}},"type":"binary-expr","locations":[{"start":{"line":37,"column":9},"end":{"line":37,"column":49}},{"start":{"line":37,"column":53},"end":{"line":37,"column":91}}],"line":37}},"s":{"0":1,"1":1,"2":1,"3":1,"4":1,"5":1,"6":1,"7":1,"8":1,"9":1,"10":1,"11":1,"12":1},"f":{},"b":{"0":[1,0],"1":[1,0],"2":[1,0],"3":[1,1],"4":[1,0],"5":[1,0]},"_coverageSchema":"1a1c01bbd47fc00a2c39e90264f33305004495a9","hash":"e857dbf53cd445e40116fb6d6ef9b1082b91c29d"}
,"C:\\Users\\laucl\\Projects\\Techies\\Thryffy\\thryffy-webservice\\src\\configs\\index.js": {"path":"C:\\Users\\laucl\\Projects\\Techies\\Thryffy\\thryffy-webservice\\src\\configs\\index.js","statementMap":{"0":{"start":{"line":2,"column":29},"end":{"line":2,"column":64}},"1":{"start":{"line":3,"column":32},"end":{"line":3,"column":67}},"2":{"start":{"line":5,"column":34},"end":{"line":5,"column":75}},"3":{"start":{"line":6,"column":37},"end":{"line":6,"column":78}}},"fnMap":{},"branchMap":{},"s":{"0":1,"1":1,"2":1,"3":1},"f":{},"b":{},"_coverageSchema":"1a1c01bbd47fc00a2c39e90264f33305004495a9","hash":"755b62ae045d314cf96183f8545e8a838e5f0c8d"}
,"C:\\Users\\laucl\\Projects\\Techies\\Thryffy\\thryffy-webservice\\src\\configs\\sequelize-connector.config.js": {"path":"C:\\Users\\laucl\\Projects\\Techies\\Thryffy\\thryffy-webservice\\src\\configs\\sequelize-connector.config.js","statementMap":{"0":{"start":{"line":5,"column":0},"end":{"line":5,"column":42}},"1":{"start":{"line":7,"column":0},"end":{"line":7,"column":16}},"2":{"start":{"line":9,"column":16},"end":{"line":9,"column":56}},"3":{"start":{"line":11,"column":27},"end":{"line":36,"column":1}},"4":{"start":{"line":38,"column":11},"end":{"line":38,"column":29}}},"fnMap":{},"branchMap":{"0":{"loc":{"start":{"line":9,"column":16},"end":{"line":9,"column":56}},"type":"binary-expr","locations":[{"start":{"line":9,"column":16},"end":{"line":9,"column":47}},{"start":{"line":9,"column":51},"end":{"line":9,"column":56}}],"line":9},"1":{"loc":{"start":{"line":12,"column":2},"end":{"line":12,"column":43}},"type":"binary-expr","locations":[{"start":{"line":12,"column":2},"end":{"line":12,"column":37}},{"start":{"line":12,"column":41},"end":{"line":12,"column":43}}],"line":12},"2":{"loc":{"start":{"line":16,"column":10},"end":{"line":16,"column":60}},"type":"binary-expr","locations":[{"start":{"line":16,"column":10},"end":{"line":16,"column":45}},{"start":{"line":16,"column":49},"end":{"line":16,"column":60}}],"line":16},"3":{"loc":{"start":{"line":17,"column":13},"end":{"line":17,"column":61}},"type":"binary-expr","locations":[{"start":{"line":17,"column":13},"end":{"line":17,"column":50}},{"start":{"line":17,"column":54},"end":{"line":17,"column":61}}],"line":17}},"s":{"0":1,"1":1,"2":1,"3":1,"4":1},"f":{},"b":{"0":[1,0],"1":[1,0],"2":[1,0],"3":[1,0]},"_coverageSchema":"1a1c01bbd47fc00a2c39e90264f33305004495a9","hash":"1315641628f0585311e5cb1f0c21258cc6857352"}
,"C:\\Users\\laucl\\Projects\\Techies\\Thryffy\\thryffy-webservice\\src\\constants\\index.js": {"path":"C:\\Users\\laucl\\Projects\\Techies\\Thryffy\\thryffy-webservice\\src\\constants\\index.js","statementMap":{"0":{"start":{"line":1,"column":28},"end":{"line":4,"column":1}},"1":{"start":{"line":6,"column":25},"end":{"line":10,"column":1}},"2":{"start":{"line":12,"column":23},"end":{"line":14,"column":1}},"3":{"start":{"line":16,"column":30},"end":{"line":20,"column":1}},"4":{"start":{"line":22,"column":30},"end":{"line":26,"column":1}},"5":{"start":{"line":28,"column":31},"end":{"line":32,"column":1}}},"fnMap":{},"branchMap":{},"s":{"0":1,"1":1,"2":1,"3":1,"4":1,"5":1},"f":{},"b":{},"_coverageSchema":"1a1c01bbd47fc00a2c39e90264f33305004495a9","hash":"985af3e12eeddbbc84405a93ed912d7c2d0ad2b0"}
,"C:\\Users\\laucl\\Projects\\Techies\\Thryffy\\thryffy-webservice\\src\\constants\\sequelize.constant.js": {"path":"C:\\Users\\laucl\\Projects\\Techies\\Thryffy\\thryffy-webservice\\src\\constants\\sequelize.constant.js","statementMap":{"0":{"start":{"line":3,"column":26},"end":{"line":7,"column":1}},"1":{"start":{"line":9,"column":26},"end":{"line":19,"column":2}},"2":{"start":{"line":9,"column":132},"end":{"line":19,"column":1}},"3":{"start":{"line":21,"column":27},"end":{"line":37,"column":1}},"4":{"start":{"line":39,"column":27},"end":{"line":55,"column":1}},"5":{"start":{"line":57,"column":22},"end":{"line":60,"column":1}},"6":{"start":{"line":62,"column":36},"end":{"line":62,"column":114}},"7":{"start":{"line":64,"column":22},"end":{"line":68,"column":1}}},"fnMap":{"0":{"name":"(anonymous_0)","decl":{"start":{"line":9,"column":26},"end":{"line":9,"column":27}},"loc":{"start":{"line":9,"column":132},"end":{"line":19,"column":1}},"line":9}},"branchMap":{"0":{"loc":{"start":{"line":9,"column":41},"end":{"line":9,"column":126}},"type":"default-arg","locations":[{"start":{"line":9,"column":124},"end":{"line":9,"column":126}}],"line":9},"1":{"loc":{"start":{"line":9,"column":43},"end":{"line":9,"column":62}},"type":"default-arg","locations":[{"start":{"line":9,"column":58},"end":{"line":9,"column":62}}],"line":9},"2":{"loc":{"start":{"line":9,"column":64},"end":{"line":9,"column":79}},"type":"default-arg","locations":[{"start":{"line":9,"column":75},"end":{"line":9,"column":79}}],"line":9},"3":{"loc":{"start":{"line":9,"column":81},"end":{"line":9,"column":101}},"type":"default-arg","locations":[{"start":{"line":9,"column":92},"end":{"line":9,"column":101}}],"line":9},"4":{"loc":{"start":{"line":9,"column":103},"end":{"line":9,"column":119}},"type":"default-arg","locations":[{"start":{"line":9,"column":115},"end":{"line":9,"column":119}}],"line":9}},"s":{"0":1,"1":1,"2":19,"3":1,"4":1,"5":1,"6":1,"7":1},"f":{"0":19},"b":{"0":[0],"1":[19],"2":[18],"3":[19],"4":[19]},"_coverageSchema":"1a1c01bbd47fc00a2c39e90264f33305004495a9","hash":"3ab65ad05eb477eff755b638659bbf9798b83ba8"}
,"C:\\Users\\laucl\\Projects\\Techies\\Thryffy\\thryffy-webservice\\src\\controllers\\authentication.controller.js": {"path":"C:\\Users\\laucl\\Projects\\Techies\\Thryffy\\thryffy-webservice\\src\\controllers\\authentication.controller.js","statementMap":{"0":{"start":{"line":14,"column":23},"end":{"line":14,"column":66}},"1":{"start":{"line":14,"column":31},"end":{"line":14,"column":66}},"2":{"start":{"line":14,"column":39},"end":{"line":14,"column":66}},"3":{"start":{"line":16,"column":34},"end":{"line":37,"column":4}},"4":{"start":{"line":17,"column":2},"end":{"line":37,"column":4}},"5":{"start":{"line":18,"column":44},"end":{"line":18,"column":52}},"6":{"start":{"line":19,"column":18},"end":{"line":19,"column":58}},"7":{"start":{"line":20,"column":24},"end":{"line":20,"column":53}},"8":{"start":{"line":21,"column":4},"end":{"line":36,"column":5}},"9":{"start":{"line":22,"column":6},"end":{"line":29,"column":8}},"10":{"start":{"line":30,"column":6},"end":{"line":30,"column":38}},"11":{"start":{"line":31,"column":6},"end":{"line":31,"column":33}},"12":{"start":{"line":32,"column":6},"end":{"line":32,"column":23}},"13":{"start":{"line":34,"column":6},"end":{"line":34,"column":35}},"14":{"start":{"line":35,"column":6},"end":{"line":35,"column":23}},"15":{"start":{"line":39,"column":32},"end":{"line":59,"column":4}},"16":{"start":{"line":40,"column":2},"end":{"line":59,"column":4}},"17":{"start":{"line":41,"column":24},"end":{"line":41,"column":53}},"18":{"start":{"line":42,"column":4},"end":{"line":58,"column":5}},"19":{"start":{"line":43,"column":44},"end":{"line":43,"column":52}},"20":{"start":{"line":44,"column":20},"end":{"line":44,"column":54}},"21":{"start":{"line":45,"column":6},"end":{"line":52,"column":8}},"22":{"start":{"line":53,"column":6},"end":{"line":53,"column":33}},"23":{"start":{"line":54,"column":6},"end":{"line":54,"column":23}},"24":{"start":{"line":56,"column":6},"end":{"line":56,"column":35}},"25":{"start":{"line":57,"column":6},"end":{"line":57,"column":23}},"26":{"start":{"line":61,"column":28},"end":{"line":142,"column":1}},"27":{"start":{"line":62,"column":2},"end":{"line":65,"column":40}},"28":{"start":{"line":67,"column":2},"end":{"line":71,"column":26}},"29":{"start":{"line":72,"column":2},"end":{"line":141,"column":3}},"30":{"start":{"line":73,"column":4},"end":{"line":73,"column":38}},"31":{"start":{"line":75,"column":4},"end":{"line":138,"column":22}},"32":{"start":{"line":78,"column":8},"end":{"line":135,"column":9}},"33":{"start":{"line":79,"column":10},"end":{"line":79,"column":36}},"34":{"start":{"line":79,"column":19},"end":{"line":79,"column":36}},"35":{"start":{"line":80,"column":10},"end":{"line":80,"column":58}},"36":{"start":{"line":80,"column":21},"end":{"line":80,"column":58}},"37":{"start":{"line":82,"column":27},"end":{"line":91,"column":11}},"38":{"start":{"line":83,"column":12},"end":{"line":90,"column":13}},"39":{"start":{"line":84,"column":27},"end":{"line":86,"column":16}},"40":{"start":{"line":87,"column":14},"end":{"line":87,"column":43}},"41":{"start":{"line":89,"column":14},"end":{"line":89,"column":39}},"42":{"start":{"line":93,"column":34},"end":{"line":95,"column":12}},"43":{"start":{"line":94,"column":12},"end":{"line":94,"column":53}},"44":{"start":{"line":97,"column":34},"end":{"line":101,"column":11}},"45":{"start":{"line":98,"column":33},"end":{"line":98,"column":55}},"46":{"start":{"line":99,"column":12},"end":{"line":99,"column":39}},"47":{"start":{"line":100,"column":12},"end":{"line":100,"column":21}},"48":{"start":{"line":103,"column":34},"end":{"line":112,"column":11}},"49":{"start":{"line":104,"column":12},"end":{"line":111,"column":13}},"50":{"start":{"line":105,"column":14},"end":{"line":105,"column":50}},"51":{"start":{"line":106,"column":14},"end":{"line":106,"column":65}},"52":{"start":{"line":107,"column":14},"end":{"line":107,"column":25}},"53":{"start":{"line":108,"column":14},"end":{"line":108,"column":23}},"54":{"start":{"line":110,"column":14},"end":{"line":110,"column":29}},"55":{"start":{"line":114,"column":25},"end":{"line":126,"column":11}},"56":{"start":{"line":115,"column":12},"end":{"line":125,"column":13}},"57":{"start":{"line":116,"column":26},"end":{"line":116,"column":93}},"58":{"start":{"line":117,"column":27},"end":{"line":117,"column":58}},"59":{"start":{"line":118,"column":14},"end":{"line":122,"column":17}},"60":{"start":{"line":124,"column":14},"end":{"line":124,"column":39}},"61":{"start":{"line":128,"column":26},"end":{"line":128,"column":124}},"62":{"start":{"line":129,"column":10},"end":{"line":132,"column":13}},"63":{"start":{"line":134,"column":10},"end":{"line":134,"column":25}},"64":{"start":{"line":140,"column":4},"end":{"line":140,"column":19}},"65":{"start":{"line":144,"column":29},"end":{"line":202,"column":1}},"66":{"start":{"line":145,"column":2},"end":{"line":145,"column":36}},"67":{"start":{"line":146,"column":2},"end":{"line":149,"column":26}},"68":{"start":{"line":150,"column":2},"end":{"line":201,"column":3}},"69":{"start":{"line":151,"column":4},"end":{"line":151,"column":38}},"70":{"start":{"line":152,"column":4},"end":{"line":198,"column":22}},"71":{"start":{"line":155,"column":8},"end":{"line":195,"column":9}},"72":{"start":{"line":156,"column":10},"end":{"line":156,"column":36}},"73":{"start":{"line":156,"column":19},"end":{"line":156,"column":36}},"74":{"start":{"line":157,"column":10},"end":{"line":157,"column":58}},"75":{"start":{"line":157,"column":21},"end":{"line":157,"column":58}},"76":{"start":{"line":159,"column":34},"end":{"line":163,"column":11}},"77":{"start":{"line":160,"column":33},"end":{"line":160,"column":55}},"78":{"start":{"line":161,"column":12},"end":{"line":161,"column":39}},"79":{"start":{"line":162,"column":12},"end":{"line":162,"column":21}},"80":{"start":{"line":165,"column":34},"end":{"line":174,"column":11}},"81":{"start":{"line":166,"column":12},"end":{"line":173,"column":13}},"82":{"start":{"line":167,"column":14},"end":{"line":167,"column":50}},"83":{"start":{"line":168,"column":14},"end":{"line":168,"column":44}},"84":{"start":{"line":169,"column":14},"end":{"line":169,"column":25}},"85":{"start":{"line":170,"column":14},"end":{"line":170,"column":23}},"86":{"start":{"line":172,"column":14},"end":{"line":172,"column":33}},"87":{"start":{"line":176,"column":25},"end":{"line":185,"column":11}},"88":{"start":{"line":177,"column":12},"end":{"line":184,"column":13}},"89":{"start":{"line":178,"column":26},"end":{"line":178,"column":93}},"90":{"start":{"line":179,"column":27},"end":{"line":179,"column":70}},"91":{"start":{"line":180,"column":39},"end":{"line":180,"column":107}},"92":{"start":{"line":181,"column":14},"end":{"line":181,"column":102}},"93":{"start":{"line":183,"column":14},"end":{"line":183,"column":33}},"94":{"start":{"line":187,"column":26},"end":{"line":187,"column":92}},"95":{"start":{"line":189,"column":10},"end":{"line":192,"column":13}},"96":{"start":{"line":194,"column":10},"end":{"line":194,"column":25}},"97":{"start":{"line":200,"column":4},"end":{"line":200,"column":19}},"98":{"start":{"line":204,"column":28},"end":{"line":263,"column":1}},"99":{"start":{"line":205,"column":2},"end":{"line":262,"column":3}},"100":{"start":{"line":206,"column":4},"end":{"line":259,"column":23}},"101":{"start":{"line":207,"column":31},"end":{"line":207,"column":39}},"102":{"start":{"line":209,"column":6},"end":{"line":234,"column":7}},"103":{"start":{"line":210,"column":29},"end":{"line":213,"column":10}},"104":{"start":{"line":214,"column":8},"end":{"line":216,"column":9}},"105":{"start":{"line":215,"column":10},"end":{"line":215,"column":52}},"106":{"start":{"line":217,"column":24},"end":{"line":219,"column":10}},"107":{"start":{"line":221,"column":8},"end":{"line":223,"column":9}},"108":{"start":{"line":222,"column":10},"end":{"line":222,"column":53}},"109":{"start":{"line":224,"column":25},"end":{"line":224,"column":79}},"110":{"start":{"line":225,"column":22},"end":{"line":225,"column":49}},"111":{"start":{"line":226,"column":19},"end":{"line":226,"column":46}},"112":{"start":{"line":228,"column":8},"end":{"line":233,"column":11}},"113":{"start":{"line":236,"column":6},"end":{"line":254,"column":7}},"114":{"start":{"line":237,"column":24},"end":{"line":239,"column":10}},"115":{"start":{"line":240,"column":8},"end":{"line":242,"column":9}},"116":{"start":{"line":241,"column":10},"end":{"line":241,"column":56}},"117":{"start":{"line":243,"column":25},"end":{"line":243,"column":79}},"118":{"start":{"line":244,"column":22},"end":{"line":244,"column":49}},"119":{"start":{"line":246,"column":19},"end":{"line":246,"column":46}},"120":{"start":{"line":248,"column":8},"end":{"line":253,"column":11}},"121":{"start":{"line":255,"column":6},"end":{"line":257,"column":7}},"122":{"start":{"line":256,"column":8},"end":{"line":256,"column":25}},"123":{"start":{"line":258,"column":6},"end":{"line":258,"column":40}},"124":{"start":{"line":261,"column":4},"end":{"line":261,"column":19}},"125":{"start":{"line":265,"column":32},"end":{"line":326,"column":1}},"126":{"start":{"line":266,"column":2},"end":{"line":325,"column":3}},"127":{"start":{"line":267,"column":31},"end":{"line":267,"column":39}},"128":{"start":{"line":268,"column":18},"end":{"line":268,"column":58}},"129":{"start":{"line":270,"column":15},"end":{"line":270,"column":17}},"130":{"start":{"line":272,"column":4},"end":{"line":276,"column":7}},"131":{"start":{"line":278,"column":4},"end":{"line":291,"column":5}},"132":{"start":{"line":279,"column":27},"end":{"line":279,"column":68}},"133":{"start":{"line":280,"column":6},"end":{"line":284,"column":7}},"134":{"start":{"line":281,"column":8},"end":{"line":281,"column":50}},"135":{"start":{"line":283,"column":8},"end":{"line":283,"column":50}},"136":{"start":{"line":286,"column":6},"end":{"line":290,"column":9}},"137":{"start":{"line":293,"column":25},"end":{"line":293,"column":47}},"138":{"start":{"line":294,"column":4},"end":{"line":294,"column":69}},"139":{"start":{"line":295,"column":4},"end":{"line":297,"column":7}},"140":{"start":{"line":299,"column":18},"end":{"line":299,"column":41}},"141":{"start":{"line":301,"column":4},"end":{"line":301,"column":66}},"142":{"start":{"line":303,"column":4},"end":{"line":316,"column":7}},"143":{"start":{"line":318,"column":4},"end":{"line":324,"column":7}},"144":{"start":{"line":328,"column":30},"end":{"line":387,"column":1}},"145":{"start":{"line":329,"column":2},"end":{"line":386,"column":3}},"146":{"start":{"line":330,"column":29},"end":{"line":330,"column":37}},"147":{"start":{"line":331,"column":18},"end":{"line":331,"column":52}},"148":{"start":{"line":332,"column":15},"end":{"line":332,"column":17}},"149":{"start":{"line":333,"column":4},"end":{"line":337,"column":7}},"150":{"start":{"line":339,"column":4},"end":{"line":354,"column":5}},"151":{"start":{"line":340,"column":27},"end":{"line":342,"column":8}},"152":{"start":{"line":343,"column":6},"end":{"line":347,"column":7}},"153":{"start":{"line":344,"column":8},"end":{"line":344,"column":48}},"154":{"start":{"line":346,"column":8},"end":{"line":346,"column":48}},"155":{"start":{"line":349,"column":6},"end":{"line":352,"column":9}},"156":{"start":{"line":356,"column":25},"end":{"line":356,"column":47}},"157":{"start":{"line":357,"column":4},"end":{"line":357,"column":69}},"158":{"start":{"line":359,"column":4},"end":{"line":361,"column":7}},"159":{"start":{"line":363,"column":18},"end":{"line":363,"column":41}},"160":{"start":{"line":364,"column":4},"end":{"line":377,"column":9}},"161":{"start":{"line":379,"column":4},"end":{"line":385,"column":7}},"162":{"start":{"line":389,"column":25},"end":{"line":421,"column":1}},"163":{"start":{"line":390,"column":2},"end":{"line":390,"column":28}},"164":{"start":{"line":391,"column":2},"end":{"line":420,"column":3}},"165":{"start":{"line":392,"column":4},"end":{"line":392,"column":38}},"166":{"start":{"line":393,"column":19},"end":{"line":393,"column":27}},"167":{"start":{"line":394,"column":20},"end":{"line":394,"column":28}},"168":{"start":{"line":396,"column":20},"end":{"line":405,"column":5}},"169":{"start":{"line":397,"column":6},"end":{"line":404,"column":7}},"170":{"start":{"line":398,"column":21},"end":{"line":400,"column":10}},"171":{"start":{"line":401,"column":8},"end":{"line":401,"column":20}},"172":{"start":{"line":403,"column":8},"end":{"line":403,"column":16}},"173":{"start":{"line":407,"column":22},"end":{"line":411,"column":5}},"174":{"start":{"line":407,"column":40},"end":{"line":411,"column":5}},"175":{"start":{"line":408,"column":6},"end":{"line":408,"column":78}},"176":{"start":{"line":408,"column":39},"end":{"line":408,"column":78}},"177":{"start":{"line":409,"column":6},"end":{"line":409,"column":40}},"178":{"start":{"line":410,"column":6},"end":{"line":410,"column":18}},"179":{"start":{"line":413,"column":4},"end":{"line":413,"column":52}},"180":{"start":{"line":415,"column":4},"end":{"line":417,"column":7}},"181":{"start":{"line":419,"column":4},"end":{"line":419,"column":19}},"182":{"start":{"line":427,"column":27},"end":{"line":469,"column":1}},"183":{"start":{"line":428,"column":2},"end":{"line":428,"column":30}},"184":{"start":{"line":429,"column":2},"end":{"line":429,"column":45}},"185":{"start":{"line":430,"column":2},"end":{"line":468,"column":3}},"186":{"start":{"line":431,"column":4},"end":{"line":431,"column":38}},"187":{"start":{"line":432,"column":4},"end":{"line":465,"column":22}},"188":{"start":{"line":435,"column":8},"end":{"line":462,"column":9}},"189":{"start":{"line":436,"column":10},"end":{"line":439,"column":11}},"190":{"start":{"line":437,"column":26},"end":{"line":437,"column":62}},"191":{"start":{"line":438,"column":12},"end":{"line":438,"column":31}},"192":{"start":{"line":441,"column":26},"end":{"line":443,"column":12}},"193":{"start":{"line":445,"column":10},"end":{"line":445,"column":84}},"194":{"start":{"line":445,"column":31},"end":{"line":445,"column":84}},"195":{"start":{"line":447,"column":10},"end":{"line":447,"column":52}},"196":{"start":{"line":448,"column":10},"end":{"line":448,"column":46}},"197":{"start":{"line":449,"column":10},"end":{"line":449,"column":27}},"198":{"start":{"line":451,"column":27},"end":{"line":451,"column":78}},"199":{"start":{"line":452,"column":24},"end":{"line":452,"column":51}},"200":{"start":{"line":453,"column":10},"end":{"line":457,"column":13}},"201":{"start":{"line":459,"column":10},"end":{"line":459,"column":109}},"202":{"start":{"line":461,"column":10},"end":{"line":461,"column":29}},"203":{"start":{"line":467,"column":4},"end":{"line":467,"column":19}},"204":{"start":{"line":471,"column":27},"end":{"line":495,"column":1}},"205":{"start":{"line":472,"column":2},"end":{"line":494,"column":3}},"206":{"start":{"line":473,"column":4},"end":{"line":491,"column":23}},"207":{"start":{"line":474,"column":6},"end":{"line":474,"column":55}},"208":{"start":{"line":474,"column":17},"end":{"line":474,"column":55}},"209":{"start":{"line":475,"column":6},"end":{"line":486,"column":7}},"210":{"start":{"line":476,"column":24},"end":{"line":478,"column":10}},"211":{"start":{"line":480,"column":8},"end":{"line":480,"column":82}},"212":{"start":{"line":480,"column":29},"end":{"line":480,"column":82}},"213":{"start":{"line":482,"column":25},"end":{"line":482,"column":76}},"214":{"start":{"line":483,"column":22},"end":{"line":483,"column":49}},"215":{"start":{"line":484,"column":8},"end":{"line":484,"column":75}},"216":{"start":{"line":485,"column":8},"end":{"line":485,"column":93}},"217":{"start":{"line":487,"column":6},"end":{"line":489,"column":7}},"218":{"start":{"line":488,"column":8},"end":{"line":488,"column":25}},"219":{"start":{"line":490,"column":6},"end":{"line":490,"column":40}},"220":{"start":{"line":493,"column":4},"end":{"line":493,"column":19}},"221":{"start":{"line":497,"column":32},"end":{"line":568,"column":1}},"222":{"start":{"line":498,"column":2},"end":{"line":567,"column":3}},"223":{"start":{"line":499,"column":4},"end":{"line":499,"column":26}},"224":{"start":{"line":501,"column":29},"end":{"line":514,"column":5}},"225":{"start":{"line":502,"column":6},"end":{"line":513,"column":7}},"226":{"start":{"line":503,"column":21},"end":{"line":506,"column":10}},"227":{"start":{"line":507,"column":8},"end":{"line":509,"column":9}},"228":{"start":{"line":508,"column":10},"end":{"line":508,"column":52}},"229":{"start":{"line":510,"column":8},"end":{"line":510,"column":44}},"230":{"start":{"line":512,"column":8},"end":{"line":512,"column":33}},"231":{"start":{"line":516,"column":35},"end":{"line":529,"column":5}},"232":{"start":{"line":517,"column":6},"end":{"line":528,"column":7}},"233":{"start":{"line":518,"column":21},"end":{"line":521,"column":10}},"234":{"start":{"line":522,"column":8},"end":{"line":524,"column":9}},"235":{"start":{"line":523,"column":10},"end":{"line":523,"column":59}},"236":{"start":{"line":525,"column":8},"end":{"line":525,"column":44}},"237":{"start":{"line":527,"column":8},"end":{"line":527,"column":33}},"238":{"start":{"line":531,"column":26},"end":{"line":540,"column":5}},"239":{"start":{"line":532,"column":6},"end":{"line":539,"column":7}},"240":{"start":{"line":533,"column":29},"end":{"line":533,"column":51}},"241":{"start":{"line":534,"column":20},"end":{"line":534,"column":33}},"242":{"start":{"line":535,"column":21},"end":{"line":535,"column":78}},"243":{"start":{"line":536,"column":8},"end":{"line":536,"column":37}},"244":{"start":{"line":538,"column":8},"end":{"line":538,"column":33}},"245":{"start":{"line":542,"column":24},"end":{"line":553,"column":5}},"246":{"start":{"line":543,"column":6},"end":{"line":552,"column":7}},"247":{"start":{"line":544,"column":21},"end":{"line":544,"column":64}},"248":{"start":{"line":545,"column":20},"end":{"line":545,"column":43}},"249":{"start":{"line":547,"column":33},"end":{"line":547,"column":104}},"250":{"start":{"line":549,"column":8},"end":{"line":549,"column":97}},"251":{"start":{"line":551,"column":8},"end":{"line":551,"column":33}},"252":{"start":{"line":555,"column":20},"end":{"line":555,"column":113}},"253":{"start":{"line":557,"column":4},"end":{"line":557,"column":45}},"254":{"start":{"line":559,"column":4},"end":{"line":564,"column":7}},"255":{"start":{"line":566,"column":4},"end":{"line":566,"column":19}},"256":{"start":{"line":570,"column":30},"end":{"line":588,"column":1}},"257":{"start":{"line":571,"column":2},"end":{"line":587,"column":3}},"258":{"start":{"line":572,"column":30},"end":{"line":572,"column":38}},"259":{"start":{"line":574,"column":23},"end":{"line":574,"column":54}},"260":{"start":{"line":576,"column":17},"end":{"line":576,"column":63}},"261":{"start":{"line":577,"column":4},"end":{"line":577,"column":32}},"262":{"start":{"line":582,"column":4},"end":{"line":584,"column":7}},"263":{"start":{"line":586,"column":4},"end":{"line":586,"column":19}},"264":{"start":{"line":590,"column":29},"end":{"line":607,"column":1}},"265":{"start":{"line":591,"column":2},"end":{"line":606,"column":3}},"266":{"start":{"line":592,"column":4},"end":{"line":592,"column":26}},"267":{"start":{"line":593,"column":33},"end":{"line":593,"column":41}},"268":{"start":{"line":594,"column":4},"end":{"line":600,"column":6}},"269":{"start":{"line":601,"column":4},"end":{"line":603,"column":7}},"270":{"start":{"line":605,"column":4},"end":{"line":605,"column":19}}},"fnMap":{"0":{"name":"(anonymous_0)","decl":{"start":{"line":14,"column":23},"end":{"line":14,"column":24}},"loc":{"start":{"line":14,"column":31},"end":{"line":14,"column":66}},"line":14},"1":{"name":"(anonymous_1)","decl":{"start":{"line":14,"column":31},"end":{"line":14,"column":32}},"loc":{"start":{"line":14,"column":39},"end":{"line":14,"column":66}},"line":14},"2":{"name":"(anonymous_2)","decl":{"start":{"line":16,"column":34},"end":{"line":16,"column":35}},"loc":{"start":{"line":17,"column":2},"end":{"line":37,"column":4}},"line":17},"3":{"name":"(anonymous_3)","decl":{"start":{"line":17,"column":14},"end":{"line":17,"column":15}},"loc":{"start":{"line":17,"column":41},"end":{"line":37,"column":3}},"line":17},"4":{"name":"(anonymous_4)","decl":{"start":{"line":39,"column":32},"end":{"line":39,"column":33}},"loc":{"start":{"line":40,"column":2},"end":{"line":59,"column":4}},"line":40},"5":{"name":"(anonymous_5)","decl":{"start":{"line":40,"column":14},"end":{"line":40,"column":15}},"loc":{"start":{"line":40,"column":41},"end":{"line":59,"column":3}},"line":40},"6":{"name":"(anonymous_6)","decl":{"start":{"line":61,"column":28},"end":{"line":61,"column":29}},"loc":{"start":{"line":61,"column":54},"end":{"line":142,"column":1}},"line":61},"7":{"name":"(anonymous_7)","decl":{"start":{"line":77,"column":6},"end":{"line":77,"column":7}},"loc":{"start":{"line":77,"column":33},"end":{"line":136,"column":7}},"line":77},"8":{"name":"(anonymous_8)","decl":{"start":{"line":82,"column":27},"end":{"line":82,"column":28}},"loc":{"start":{"line":82,"column":39},"end":{"line":91,"column":11}},"line":82},"9":{"name":"(anonymous_9)","decl":{"start":{"line":93,"column":73},"end":{"line":93,"column":74}},"loc":{"start":{"line":93,"column":79},"end":{"line":95,"column":11}},"line":93},"10":{"name":"(anonymous_10)","decl":{"start":{"line":97,"column":34},"end":{"line":97,"column":35}},"loc":{"start":{"line":97,"column":39},"end":{"line":101,"column":11}},"line":97},"11":{"name":"(anonymous_11)","decl":{"start":{"line":103,"column":34},"end":{"line":103,"column":35}},"loc":{"start":{"line":103,"column":39},"end":{"line":112,"column":11}},"line":103},"12":{"name":"(anonymous_12)","decl":{"start":{"line":114,"column":25},"end":{"line":114,"column":26}},"loc":{"start":{"line":114,"column":36},"end":{"line":126,"column":11}},"line":114},"13":{"name":"(anonymous_13)","decl":{"start":{"line":144,"column":29},"end":{"line":144,"column":30}},"loc":{"start":{"line":144,"column":55},"end":{"line":202,"column":1}},"line":144},"14":{"name":"(anonymous_14)","decl":{"start":{"line":154,"column":6},"end":{"line":154,"column":7}},"loc":{"start":{"line":154,"column":33},"end":{"line":196,"column":7}},"line":154},"15":{"name":"(anonymous_15)","decl":{"start":{"line":159,"column":34},"end":{"line":159,"column":35}},"loc":{"start":{"line":159,"column":39},"end":{"line":163,"column":11}},"line":159},"16":{"name":"(anonymous_16)","decl":{"start":{"line":165,"column":34},"end":{"line":165,"column":35}},"loc":{"start":{"line":165,"column":39},"end":{"line":174,"column":11}},"line":165},"17":{"name":"(anonymous_17)","decl":{"start":{"line":176,"column":25},"end":{"line":176,"column":26}},"loc":{"start":{"line":176,"column":36},"end":{"line":185,"column":11}},"line":176},"18":{"name":"(anonymous_18)","decl":{"start":{"line":204,"column":28},"end":{"line":204,"column":29}},"loc":{"start":{"line":204,"column":54},"end":{"line":263,"column":1}},"line":204},"19":{"name":"(anonymous_19)","decl":{"start":{"line":206,"column":87},"end":{"line":206,"column":88}},"loc":{"start":{"line":206,"column":114},"end":{"line":259,"column":5}},"line":206},"20":{"name":"(anonymous_20)","decl":{"start":{"line":265,"column":32},"end":{"line":265,"column":33}},"loc":{"start":{"line":265,"column":52},"end":{"line":326,"column":1}},"line":265},"21":{"name":"(anonymous_21)","decl":{"start":{"line":328,"column":30},"end":{"line":328,"column":31}},"loc":{"start":{"line":328,"column":50},"end":{"line":387,"column":1}},"line":328},"22":{"name":"(anonymous_22)","decl":{"start":{"line":389,"column":25},"end":{"line":389,"column":26}},"loc":{"start":{"line":389,"column":51},"end":{"line":421,"column":1}},"line":389},"23":{"name":"(anonymous_23)","decl":{"start":{"line":396,"column":20},"end":{"line":396,"column":21}},"loc":{"start":{"line":396,"column":36},"end":{"line":405,"column":5}},"line":396},"24":{"name":"(anonymous_24)","decl":{"start":{"line":407,"column":22},"end":{"line":407,"column":23}},"loc":{"start":{"line":407,"column":40},"end":{"line":411,"column":5}},"line":407},"25":{"name":"(anonymous_25)","decl":{"start":{"line":407,"column":40},"end":{"line":407,"column":41}},"loc":{"start":{"line":407,"column":48},"end":{"line":411,"column":5}},"line":407},"26":{"name":"(anonymous_26)","decl":{"start":{"line":427,"column":27},"end":{"line":427,"column":28}},"loc":{"start":{"line":427,"column":53},"end":{"line":469,"column":1}},"line":427},"27":{"name":"(anonymous_27)","decl":{"start":{"line":434,"column":6},"end":{"line":434,"column":7}},"loc":{"start":{"line":434,"column":34},"end":{"line":463,"column":7}},"line":434},"28":{"name":"(anonymous_28)","decl":{"start":{"line":471,"column":27},"end":{"line":471,"column":28}},"loc":{"start":{"line":471,"column":53},"end":{"line":495,"column":1}},"line":471},"29":{"name":"(anonymous_29)","decl":{"start":{"line":473,"column":90},"end":{"line":473,"column":91}},"loc":{"start":{"line":473,"column":117},"end":{"line":491,"column":5}},"line":473},"30":{"name":"(anonymous_30)","decl":{"start":{"line":497,"column":32},"end":{"line":497,"column":33}},"loc":{"start":{"line":497,"column":58},"end":{"line":568,"column":1}},"line":497},"31":{"name":"(anonymous_31)","decl":{"start":{"line":501,"column":29},"end":{"line":501,"column":30}},"loc":{"start":{"line":501,"column":50},"end":{"line":514,"column":5}},"line":501},"32":{"name":"(anonymous_32)","decl":{"start":{"line":516,"column":35},"end":{"line":516,"column":36}},"loc":{"start":{"line":516,"column":56},"end":{"line":529,"column":5}},"line":516},"33":{"name":"(anonymous_33)","decl":{"start":{"line":531,"column":26},"end":{"line":531,"column":27}},"loc":{"start":{"line":531,"column":47},"end":{"line":540,"column":5}},"line":531},"34":{"name":"(anonymous_34)","decl":{"start":{"line":542,"column":24},"end":{"line":542,"column":25}},"loc":{"start":{"line":542,"column":38},"end":{"line":553,"column":5}},"line":542},"35":{"name":"(anonymous_35)","decl":{"start":{"line":570,"column":30},"end":{"line":570,"column":31}},"loc":{"start":{"line":570,"column":56},"end":{"line":588,"column":1}},"line":570},"36":{"name":"(anonymous_36)","decl":{"start":{"line":590,"column":29},"end":{"line":590,"column":30}},"loc":{"start":{"line":590,"column":55},"end":{"line":607,"column":1}},"line":590}},"branchMap":{"0":{"loc":{"start":{"line":79,"column":10},"end":{"line":79,"column":36}},"type":"if","locations":[{"start":{"line":79,"column":10},"end":{"line":79,"column":36}},{"start":{"line":79,"column":10},"end":{"line":79,"column":36}}],"line":79},"1":{"loc":{"start":{"line":80,"column":10},"end":{"line":80,"column":58}},"type":"if","locations":[{"start":{"line":80,"column":10},"end":{"line":80,"column":58}},{"start":{"line":80,"column":10},"end":{"line":80,"column":58}}],"line":80},"2":{"loc":{"start":{"line":156,"column":10},"end":{"line":156,"column":36}},"type":"if","locations":[{"start":{"line":156,"column":10},"end":{"line":156,"column":36}},{"start":{"line":156,"column":10},"end":{"line":156,"column":36}}],"line":156},"3":{"loc":{"start":{"line":157,"column":10},"end":{"line":157,"column":58}},"type":"if","locations":[{"start":{"line":157,"column":10},"end":{"line":157,"column":58}},{"start":{"line":157,"column":10},"end":{"line":157,"column":58}}],"line":157},"4":{"loc":{"start":{"line":209,"column":6},"end":{"line":234,"column":7}},"type":"if","locations":[{"start":{"line":209,"column":6},"end":{"line":234,"column":7}},{"start":{"line":209,"column":6},"end":{"line":234,"column":7}}],"line":209},"5":{"loc":{"start":{"line":214,"column":8},"end":{"line":216,"column":9}},"type":"if","locations":[{"start":{"line":214,"column":8},"end":{"line":216,"column":9}},{"start":{"line":214,"column":8},"end":{"line":216,"column":9}}],"line":214},"6":{"loc":{"start":{"line":221,"column":8},"end":{"line":223,"column":9}},"type":"if","locations":[{"start":{"line":221,"column":8},"end":{"line":223,"column":9}},{"start":{"line":221,"column":8},"end":{"line":223,"column":9}}],"line":221},"7":{"loc":{"start":{"line":236,"column":6},"end":{"line":254,"column":7}},"type":"if","locations":[{"start":{"line":236,"column":6},"end":{"line":254,"column":7}},{"start":{"line":236,"column":6},"end":{"line":254,"column":7}}],"line":236},"8":{"loc":{"start":{"line":240,"column":8},"end":{"line":242,"column":9}},"type":"if","locations":[{"start":{"line":240,"column":8},"end":{"line":242,"column":9}},{"start":{"line":240,"column":8},"end":{"line":242,"column":9}}],"line":240},"9":{"loc":{"start":{"line":255,"column":6},"end":{"line":257,"column":7}},"type":"if","locations":[{"start":{"line":255,"column":6},"end":{"line":257,"column":7}},{"start":{"line":255,"column":6},"end":{"line":257,"column":7}}],"line":255},"10":{"loc":{"start":{"line":278,"column":4},"end":{"line":291,"column":5}},"type":"if","locations":[{"start":{"line":278,"column":4},"end":{"line":291,"column":5}},{"start":{"line":278,"column":4},"end":{"line":291,"column":5}}],"line":278},"11":{"loc":{"start":{"line":280,"column":6},"end":{"line":284,"column":7}},"type":"if","locations":[{"start":{"line":280,"column":6},"end":{"line":284,"column":7}},{"start":{"line":280,"column":6},"end":{"line":284,"column":7}}],"line":280},"12":{"loc":{"start":{"line":339,"column":4},"end":{"line":354,"column":5}},"type":"if","locations":[{"start":{"line":339,"column":4},"end":{"line":354,"column":5}},{"start":{"line":339,"column":4},"end":{"line":354,"column":5}}],"line":339},"13":{"loc":{"start":{"line":343,"column":6},"end":{"line":347,"column":7}},"type":"if","locations":[{"start":{"line":343,"column":6},"end":{"line":347,"column":7}},{"start":{"line":343,"column":6},"end":{"line":347,"column":7}}],"line":343},"14":{"loc":{"start":{"line":408,"column":6},"end":{"line":408,"column":78}},"type":"if","locations":[{"start":{"line":408,"column":6},"end":{"line":408,"column":78}},{"start":{"line":408,"column":6},"end":{"line":408,"column":78}}],"line":408},"15":{"loc":{"start":{"line":436,"column":10},"end":{"line":439,"column":11}},"type":"if","locations":[{"start":{"line":436,"column":10},"end":{"line":439,"column":11}},{"start":{"line":436,"column":10},"end":{"line":439,"column":11}}],"line":436},"16":{"loc":{"start":{"line":436,"column":14},"end":{"line":436,"column":27}},"type":"binary-expr","locations":[{"start":{"line":436,"column":14},"end":{"line":436,"column":17}},{"start":{"line":436,"column":21},"end":{"line":436,"column":27}}],"line":436},"17":{"loc":{"start":{"line":437,"column":36},"end":{"line":437,"column":61}},"type":"cond-expr","locations":[{"start":{"line":437,"column":43},"end":{"line":437,"column":55}},{"start":{"line":437,"column":58},"end":{"line":437,"column":61}}],"line":437},"18":{"loc":{"start":{"line":445,"column":10},"end":{"line":445,"column":84}},"type":"if","locations":[{"start":{"line":445,"column":10},"end":{"line":445,"column":84}},{"start":{"line":445,"column":10},"end":{"line":445,"column":84}}],"line":445},"19":{"loc":{"start":{"line":474,"column":6},"end":{"line":474,"column":55}},"type":"if","locations":[{"start":{"line":474,"column":6},"end":{"line":474,"column":55}},{"start":{"line":474,"column":6},"end":{"line":474,"column":55}}],"line":474},"20":{"loc":{"start":{"line":475,"column":6},"end":{"line":486,"column":7}},"type":"if","locations":[{"start":{"line":475,"column":6},"end":{"line":486,"column":7}},{"start":{"line":475,"column":6},"end":{"line":486,"column":7}}],"line":475},"21":{"loc":{"start":{"line":480,"column":8},"end":{"line":480,"column":82}},"type":"if","locations":[{"start":{"line":480,"column":8},"end":{"line":480,"column":82}},{"start":{"line":480,"column":8},"end":{"line":480,"column":82}}],"line":480},"22":{"loc":{"start":{"line":487,"column":6},"end":{"line":489,"column":7}},"type":"if","locations":[{"start":{"line":487,"column":6},"end":{"line":489,"column":7}},{"start":{"line":487,"column":6},"end":{"line":489,"column":7}}],"line":487},"23":{"loc":{"start":{"line":507,"column":8},"end":{"line":509,"column":9}},"type":"if","locations":[{"start":{"line":507,"column":8},"end":{"line":509,"column":9}},{"start":{"line":507,"column":8},"end":{"line":509,"column":9}}],"line":507},"24":{"loc":{"start":{"line":522,"column":8},"end":{"line":524,"column":9}},"type":"if","locations":[{"start":{"line":522,"column":8},"end":{"line":524,"column":9}},{"start":{"line":522,"column":8},"end":{"line":524,"column":9}}],"line":522}},"s":{"0":1,"1":0,"2":0,"3":1,"4":0,"5":0,"6":0,"7":0,"8":0,"9":0,"10":0,"11":0,"12":0,"13":0,"14":0,"15":1,"16":0,"17":0,"18":0,"19":0,"20":0,"21":0,"22":0,"23":0,"24":0,"25":0,"26":1,"27":1,"28":1,"29":1,"30":1,"31":1,"32":1,"33":1,"34":1,"35":0,"36":0,"37":0,"38":0,"39":0,"40":0,"41":0,"42":0,"43":0,"44":0,"45":0,"46":0,"47":0,"48":0,"49":0,"50":0,"51":0,"52":0,"53":0,"54":0,"55":0,"56":0,"57":0,"58":0,"59":0,"60":0,"61":0,"62":0,"63":0,"64":0,"65":1,"66":0,"67":0,"68":0,"69":0,"70":0,"71":0,"72":0,"73":0,"74":0,"75":0,"76":0,"77":0,"78":0,"79":0,"80":0,"81":0,"82":0,"83":0,"84":0,"85":0,"86":0,"87":0,"88":0,"89":0,"90":0,"91":0,"92":0,"93":0,"94":0,"95":0,"96":0,"97":0,"98":1,"99":0,"100":0,"101":0,"102":0,"103":0,"104":0,"105":0,"106":0,"107":0,"108":0,"109":0,"110":0,"111":0,"112":0,"113":0,"114":0,"115":0,"116":0,"117":0,"118":0,"119":0,"120":0,"121":0,"122":0,"123":0,"124":0,"125":1,"126":0,"127":0,"128":0,"129":0,"130":0,"131":0,"132":0,"133":0,"134":0,"135":0,"136":0,"137":0,"138":0,"139":0,"140":0,"141":0,"142":0,"143":0,"144":1,"145":0,"146":0,"147":0,"148":0,"149":0,"150":0,"151":0,"152":0,"153":0,"154":0,"155":0,"156":0,"157":0,"158":0,"159":0,"160":0,"161":0,"162":1,"163":0,"164":0,"165":0,"166":0,"167":0,"168":0,"169":0,"170":0,"171":0,"172":0,"173":0,"174":0,"175":0,"176":0,"177":0,"178":0,"179":0,"180":0,"181":0,"182":1,"183":0,"184":0,"185":0,"186":0,"187":0,"188":0,"189":0,"190":0,"191":0,"192":0,"193":0,"194":0,"195":0,"196":0,"197":0,"198":0,"199":0,"200":0,"201":0,"202":0,"203":0,"204":1,"205":0,"206":0,"207":0,"208":0,"209":0,"210":0,"211":0,"212":0,"213":0,"214":0,"215":0,"216":0,"217":0,"218":0,"219":0,"220":0,"221":1,"222":0,"223":0,"224":0,"225":0,"226":0,"227":0,"228":0,"229":0,"230":0,"231":0,"232":0,"233":0,"234":0,"235":0,"236":0,"237":0,"238":0,"239":0,"240":0,"241":0,"242":0,"243":0,"244":0,"245":0,"246":0,"247":0,"248":0,"249":0,"250":0,"251":0,"252":0,"253":0,"254":0,"255":0,"256":1,"257":0,"258":0,"259":0,"260":0,"261":0,"262":0,"263":0,"264":1,"265":0,"266":0,"267":0,"268":0,"269":0,"270":0},"f":{"0":0,"1":0,"2":0,"3":0,"4":0,"5":0,"6":1,"7":1,"8":0,"9":0,"10":0,"11":0,"12":0,"13":0,"14":0,"15":0,"16":0,"17":0,"18":0,"19":0,"20":0,"21":0,"22":0,"23":0,"24":0,"25":0,"26":0,"27":0,"28":0,"29":0,"30":0,"31":0,"32":0,"33":0,"34":0,"35":0,"36":0},"b":{"0":[1,0],"1":[0,0],"2":[0,0],"3":[0,0],"4":[0,0],"5":[0,0],"6":[0,0],"7":[0,0],"8":[0,0],"9":[0,0],"10":[0,0],"11":[0,0],"12":[0,0],"13":[0,0],"14":[0,0],"15":[0,0],"16":[0,0],"17":[0,0],"18":[0,0],"19":[0,0],"20":[0,0],"21":[0,0],"22":[0,0],"23":[0,0],"24":[0,0]},"_coverageSchema":"1a1c01bbd47fc00a2c39e90264f33305004495a9","hash":"c4cfe585d4571a1542de9e6ba468ddd8ac614270"}
,"C:\\Users\\laucl\\Projects\\Techies\\Thryffy\\thryffy-webservice\\src\\controllers\\cart.controller.js": {"path":"C:\\Users\\laucl\\Projects\\Techies\\Thryffy\\thryffy-webservice\\src\\controllers\\cart.controller.js","statementMap":{"0":{"start":{"line":8,"column":20},"end":{"line":35,"column":1}},"1":{"start":{"line":9,"column":2},"end":{"line":34,"column":3}},"2":{"start":{"line":10,"column":30},"end":{"line":10,"column":39}},"3":{"start":{"line":11,"column":19},"end":{"line":11,"column":27}},"4":{"start":{"line":13,"column":17},"end":{"line":19,"column":6}},"5":{"start":{"line":21,"column":23},"end":{"line":21,"column":55}},"6":{"start":{"line":23,"column":20},"end":{"line":26,"column":6}},"7":{"start":{"line":28,"column":4},"end":{"line":31,"column":7}},"8":{"start":{"line":33,"column":4},"end":{"line":33,"column":19}},"9":{"start":{"line":37,"column":19},"end":{"line":94,"column":1}},"10":{"start":{"line":38,"column":2},"end":{"line":93,"column":3}},"11":{"start":{"line":39,"column":19},"end":{"line":39,"column":27}},"12":{"start":{"line":40,"column":26},"end":{"line":40,"column":34}},"13":{"start":{"line":42,"column":35},"end":{"line":55,"column":5}},"14":{"start":{"line":43,"column":6},"end":{"line":54,"column":7}},"15":{"start":{"line":44,"column":24},"end":{"line":47,"column":10}},"16":{"start":{"line":48,"column":8},"end":{"line":50,"column":9}},"17":{"start":{"line":49,"column":10},"end":{"line":49,"column":53}},"18":{"start":{"line":51,"column":8},"end":{"line":51,"column":33}},"19":{"start":{"line":53,"column":8},"end":{"line":53,"column":33}},"20":{"start":{"line":57,"column":31},"end":{"line":72,"column":5}},"21":{"start":{"line":58,"column":6},"end":{"line":71,"column":7}},"22":{"start":{"line":59,"column":25},"end":{"line":64,"column":10}},"23":{"start":{"line":65,"column":8},"end":{"line":67,"column":9}},"24":{"start":{"line":66,"column":10},"end":{"line":66,"column":62}},"25":{"start":{"line":68,"column":8},"end":{"line":68,"column":33}},"26":{"start":{"line":70,"column":8},"end":{"line":70,"column":33}},"27":{"start":{"line":74,"column":22},"end":{"line":84,"column":5}},"28":{"start":{"line":75,"column":6},"end":{"line":83,"column":7}},"29":{"start":{"line":76,"column":8},"end":{"line":79,"column":11}},"30":{"start":{"line":80,"column":8},"end":{"line":80,"column":33}},"31":{"start":{"line":82,"column":8},"end":{"line":82,"column":33}},"32":{"start":{"line":86,"column":4},"end":{"line":86,"column":75}},"33":{"start":{"line":88,"column":4},"end":{"line":90,"column":7}},"34":{"start":{"line":92,"column":4},"end":{"line":92,"column":19}},"35":{"start":{"line":96,"column":25},"end":{"line":120,"column":1}},"36":{"start":{"line":97,"column":2},"end":{"line":119,"column":3}},"37":{"start":{"line":98,"column":19},"end":{"line":98,"column":27}},"38":{"start":{"line":99,"column":26},"end":{"line":99,"column":36}},"39":{"start":{"line":101,"column":17},"end":{"line":106,"column":6}},"40":{"start":{"line":108,"column":4},"end":{"line":110,"column":5}},"41":{"start":{"line":109,"column":6},"end":{"line":109,"column":64}},"42":{"start":{"line":112,"column":4},"end":{"line":112,"column":34}},"43":{"start":{"line":114,"column":4},"end":{"line":116,"column":7}},"44":{"start":{"line":118,"column":4},"end":{"line":118,"column":19}},"45":{"start":{"line":122,"column":24},"end":{"line":149,"column":1}},"46":{"start":{"line":123,"column":2},"end":{"line":148,"column":3}},"47":{"start":{"line":124,"column":19},"end":{"line":124,"column":27}},"48":{"start":{"line":125,"column":62},"end":{"line":125,"column":70}},"49":{"start":{"line":127,"column":20},"end":{"line":127,"column":81}},"50":{"start":{"line":129,"column":27},"end":{"line":129,"column":89}},"51":{"start":{"line":131,"column":25},"end":{"line":135,"column":6}},"52":{"start":{"line":137,"column":4},"end":{"line":145,"column":7}},"53":{"start":{"line":147,"column":4},"end":{"line":147,"column":19}},"54":{"start":{"line":151,"column":19},"end":{"line":228,"column":1}},"55":{"start":{"line":152,"column":22},"end":{"line":152,"column":51}},"56":{"start":{"line":153,"column":2},"end":{"line":227,"column":3}},"57":{"start":{"line":154,"column":4},"end":{"line":154,"column":26}},"58":{"start":{"line":156,"column":27},"end":{"line":156,"column":35}},"59":{"start":{"line":157,"column":62},"end":{"line":157,"column":70}},"60":{"start":{"line":159,"column":50},"end":{"line":163,"column":6}},"61":{"start":{"line":165,"column":27},"end":{"line":165,"column":41}},"62":{"start":{"line":167,"column":28},"end":{"line":183,"column":5}},"63":{"start":{"line":167,"column":35},"end":{"line":183,"column":5}},"64":{"start":{"line":168,"column":6},"end":{"line":182,"column":7}},"65":{"start":{"line":169,"column":25},"end":{"line":173,"column":10}},"66":{"start":{"line":174,"column":25},"end":{"line":177,"column":10}},"67":{"start":{"line":178,"column":20},"end":{"line":178,"column":45}},"68":{"start":{"line":179,"column":8},"end":{"line":179,"column":36}},"69":{"start":{"line":181,"column":8},"end":{"line":181,"column":33}},"70":{"start":{"line":185,"column":27},"end":{"line":207,"column":5}},"71":{"start":{"line":186,"column":6},"end":{"line":206,"column":7}},"72":{"start":{"line":187,"column":26},"end":{"line":202,"column":9}},"73":{"start":{"line":203,"column":8},"end":{"line":203,"column":45}},"74":{"start":{"line":205,"column":8},"end":{"line":205,"column":33}},"75":{"start":{"line":209,"column":28},"end":{"line":216,"column":5}},"76":{"start":{"line":210,"column":6},"end":{"line":215,"column":7}},"77":{"start":{"line":211,"column":8},"end":{"line":211,"column":66}},"78":{"start":{"line":212,"column":8},"end":{"line":212,"column":33}},"79":{"start":{"line":214,"column":8},"end":{"line":214,"column":33}},"80":{"start":{"line":218,"column":4},"end":{"line":218,"column":82}},"81":{"start":{"line":220,"column":4},"end":{"line":220,"column":31}},"82":{"start":{"line":221,"column":4},"end":{"line":223,"column":7}},"83":{"start":{"line":225,"column":4},"end":{"line":225,"column":33}},"84":{"start":{"line":226,"column":4},"end":{"line":226,"column":19}}},"fnMap":{"0":{"name":"(anonymous_0)","decl":{"start":{"line":8,"column":20},"end":{"line":8,"column":21}},"loc":{"start":{"line":8,"column":46},"end":{"line":35,"column":1}},"line":8},"1":{"name":"(anonymous_1)","decl":{"start":{"line":37,"column":19},"end":{"line":37,"column":20}},"loc":{"start":{"line":37,"column":45},"end":{"line":94,"column":1}},"line":37},"2":{"name":"(anonymous_2)","decl":{"start":{"line":42,"column":35},"end":{"line":42,"column":36}},"loc":{"start":{"line":42,"column":47},"end":{"line":55,"column":5}},"line":42},"3":{"name":"(anonymous_3)","decl":{"start":{"line":57,"column":31},"end":{"line":57,"column":32}},"loc":{"start":{"line":57,"column":43},"end":{"line":72,"column":5}},"line":57},"4":{"name":"(anonymous_4)","decl":{"start":{"line":74,"column":22},"end":{"line":74,"column":23}},"loc":{"start":{"line":74,"column":34},"end":{"line":84,"column":5}},"line":74},"5":{"name":"(anonymous_5)","decl":{"start":{"line":96,"column":25},"end":{"line":96,"column":26}},"loc":{"start":{"line":96,"column":51},"end":{"line":120,"column":1}},"line":96},"6":{"name":"(anonymous_6)","decl":{"start":{"line":122,"column":24},"end":{"line":122,"column":25}},"loc":{"start":{"line":122,"column":50},"end":{"line":149,"column":1}},"line":122},"7":{"name":"(anonymous_7)","decl":{"start":{"line":151,"column":19},"end":{"line":151,"column":20}},"loc":{"start":{"line":151,"column":45},"end":{"line":228,"column":1}},"line":151},"8":{"name":"(anonymous_8)","decl":{"start":{"line":167,"column":28},"end":{"line":167,"column":29}},"loc":{"start":{"line":167,"column":35},"end":{"line":183,"column":5}},"line":167},"9":{"name":"(anonymous_9)","decl":{"start":{"line":167,"column":35},"end":{"line":167,"column":36}},"loc":{"start":{"line":167,"column":57},"end":{"line":183,"column":5}},"line":167},"10":{"name":"(anonymous_10)","decl":{"start":{"line":185,"column":27},"end":{"line":185,"column":28}},"loc":{"start":{"line":185,"column":39},"end":{"line":207,"column":5}},"line":185},"11":{"name":"(anonymous_11)","decl":{"start":{"line":209,"column":28},"end":{"line":209,"column":29}},"loc":{"start":{"line":209,"column":49},"end":{"line":216,"column":5}},"line":209}},"branchMap":{"0":{"loc":{"start":{"line":24,"column":13},"end":{"line":24,"column":34}},"type":"binary-expr","locations":[{"start":{"line":24,"column":13},"end":{"line":24,"column":26}},{"start":{"line":24,"column":30},"end":{"line":24,"column":34}}],"line":24},"1":{"loc":{"start":{"line":25,"column":14},"end":{"line":25,"column":36}},"type":"binary-expr","locations":[{"start":{"line":25,"column":14},"end":{"line":25,"column":28}},{"start":{"line":25,"column":32},"end":{"line":25,"column":36}}],"line":25},"2":{"loc":{"start":{"line":48,"column":8},"end":{"line":50,"column":9}},"type":"if","locations":[{"start":{"line":48,"column":8},"end":{"line":50,"column":9}},{"start":{"line":48,"column":8},"end":{"line":50,"column":9}}],"line":48},"3":{"loc":{"start":{"line":65,"column":8},"end":{"line":67,"column":9}},"type":"if","locations":[{"start":{"line":65,"column":8},"end":{"line":67,"column":9}},{"start":{"line":65,"column":8},"end":{"line":67,"column":9}}],"line":65},"4":{"loc":{"start":{"line":108,"column":4},"end":{"line":110,"column":5}},"type":"if","locations":[{"start":{"line":108,"column":4},"end":{"line":110,"column":5}},{"start":{"line":108,"column":4},"end":{"line":110,"column":5}}],"line":108},"5":{"loc":{"start":{"line":134,"column":17},"end":{"line":134,"column":66}},"type":"binary-expr","locations":[{"start":{"line":134,"column":17},"end":{"line":134,"column":26}},{"start":{"line":134,"column":30},"end":{"line":134,"column":66}}],"line":134}},"s":{"0":1,"1":0,"2":0,"3":0,"4":0,"5":0,"6":0,"7":0,"8":0,"9":1,"10":0,"11":0,"12":0,"13":0,"14":0,"15":0,"16":0,"17":0,"18":0,"19":0,"20":0,"21":0,"22":0,"23":0,"24":0,"25":0,"26":0,"27":0,"28":0,"29":0,"30":0,"31":0,"32":0,"33":0,"34":0,"35":1,"36":0,"37":0,"38":0,"39":0,"40":0,"41":0,"42":0,"43":0,"44":0,"45":1,"46":0,"47":0,"48":0,"49":0,"50":0,"51":0,"52":0,"53":0,"54":1,"55":0,"56":0,"57":0,"58":0,"59":0,"60":0,"61":0,"62":0,"63":0,"64":0,"65":0,"66":0,"67":0,"68":0,"69":0,"70":0,"71":0,"72":0,"73":0,"74":0,"75":0,"76":0,"77":0,"78":0,"79":0,"80":0,"81":0,"82":0,"83":0,"84":0},"f":{"0":0,"1":0,"2":0,"3":0,"4":0,"5":0,"6":0,"7":0,"8":0,"9":0,"10":0,"11":0},"b":{"0":[0,0],"1":[0,0],"2":[0,0],"3":[0,0],"4":[0,0],"5":[0,0]},"_coverageSchema":"1a1c01bbd47fc00a2c39e90264f33305004495a9","hash":"22255852ddf2ec12b3948ebe141b96efd5698617"}
,"C:\\Users\\laucl\\Projects\\Techies\\Thryffy\\thryffy-webservice\\src\\controllers\\favourite.controller.js": {"path":"C:\\Users\\laucl\\Projects\\Techies\\Thryffy\\thryffy-webservice\\src\\controllers\\favourite.controller.js","statementMap":{"0":{"start":{"line":4,"column":20},"end":{"line":29,"column":1}},"1":{"start":{"line":5,"column":2},"end":{"line":28,"column":3}},"2":{"start":{"line":6,"column":19},"end":{"line":6,"column":27}},"3":{"start":{"line":7,"column":30},"end":{"line":7,"column":39}},"4":{"start":{"line":9,"column":23},"end":{"line":13,"column":6}},"5":{"start":{"line":15,"column":23},"end":{"line":15,"column":61}},"6":{"start":{"line":17,"column":20},"end":{"line":20,"column":6}},"7":{"start":{"line":22,"column":4},"end":{"line":25,"column":7}},"8":{"start":{"line":27,"column":4},"end":{"line":27,"column":19}},"9":{"start":{"line":31,"column":22},"end":{"line":52,"column":1}},"10":{"start":{"line":32,"column":2},"end":{"line":51,"column":3}},"11":{"start":{"line":33,"column":26},"end":{"line":33,"column":36}},"12":{"start":{"line":34,"column":19},"end":{"line":34,"column":27}},"13":{"start":{"line":36,"column":22},"end":{"line":38,"column":6}},"14":{"start":{"line":40,"column":4},"end":{"line":42,"column":5}},"15":{"start":{"line":41,"column":6},"end":{"line":41,"column":67}},"16":{"start":{"line":44,"column":4},"end":{"line":44,"column":39}},"17":{"start":{"line":46,"column":4},"end":{"line":48,"column":7}},"18":{"start":{"line":50,"column":4},"end":{"line":50,"column":19}},"19":{"start":{"line":54,"column":19},"end":{"line":87,"column":1}},"20":{"start":{"line":55,"column":2},"end":{"line":86,"column":3}},"21":{"start":{"line":56,"column":26},"end":{"line":56,"column":34}},"22":{"start":{"line":57,"column":19},"end":{"line":57,"column":27}},"23":{"start":{"line":59,"column":20},"end":{"line":62,"column":6}},"24":{"start":{"line":64,"column":4},"end":{"line":66,"column":5}},"25":{"start":{"line":65,"column":6},"end":{"line":65,"column":70}},"26":{"start":{"line":68,"column":26},"end":{"line":73,"column":6}},"27":{"start":{"line":75,"column":4},"end":{"line":77,"column":5}},"28":{"start":{"line":76,"column":6},"end":{"line":76,"column":70}},"29":{"start":{"line":79,"column":4},"end":{"line":82,"column":7}},"30":{"start":{"line":83,"column":4},"end":{"line":83,"column":56}},"31":{"start":{"line":85,"column":4},"end":{"line":85,"column":19}}},"fnMap":{"0":{"name":"(anonymous_0)","decl":{"start":{"line":4,"column":20},"end":{"line":4,"column":21}},"loc":{"start":{"line":4,"column":46},"end":{"line":29,"column":1}},"line":4},"1":{"name":"(anonymous_1)","decl":{"start":{"line":31,"column":22},"end":{"line":31,"column":23}},"loc":{"start":{"line":31,"column":48},"end":{"line":52,"column":1}},"line":31},"2":{"name":"(anonymous_2)","decl":{"start":{"line":54,"column":19},"end":{"line":54,"column":20}},"loc":{"start":{"line":54,"column":45},"end":{"line":87,"column":1}},"line":54}},"branchMap":{"0":{"loc":{"start":{"line":18,"column":13},"end":{"line":18,"column":34}},"type":"binary-expr","locations":[{"start":{"line":18,"column":13},"end":{"line":18,"column":26}},{"start":{"line":18,"column":30},"end":{"line":18,"column":34}}],"line":18},"1":{"loc":{"start":{"line":19,"column":14},"end":{"line":19,"column":36}},"type":"binary-expr","locations":[{"start":{"line":19,"column":14},"end":{"line":19,"column":28}},{"start":{"line":19,"column":32},"end":{"line":19,"column":36}}],"line":19},"2":{"loc":{"start":{"line":40,"column":4},"end":{"line":42,"column":5}},"type":"if","locations":[{"start":{"line":40,"column":4},"end":{"line":42,"column":5}},{"start":{"line":40,"column":4},"end":{"line":42,"column":5}}],"line":40},"3":{"loc":{"start":{"line":64,"column":4},"end":{"line":66,"column":5}},"type":"if","locations":[{"start":{"line":64,"column":4},"end":{"line":66,"column":5}},{"start":{"line":64,"column":4},"end":{"line":66,"column":5}}],"line":64},"4":{"loc":{"start":{"line":75,"column":4},"end":{"line":77,"column":5}},"type":"if","locations":[{"start":{"line":75,"column":4},"end":{"line":77,"column":5}},{"start":{"line":75,"column":4},"end":{"line":77,"column":5}}],"line":75}},"s":{"0":1,"1":0,"2":0,"3":0,"4":0,"5":0,"6":0,"7":0,"8":0,"9":1,"10":0,"11":0,"12":0,"13":0,"14":0,"15":0,"16":0,"17":0,"18":0,"19":1,"20":0,"21":0,"22":0,"23":0,"24":0,"25":0,"26":0,"27":0,"28":0,"29":0,"30":0,"31":0},"f":{"0":0,"1":0,"2":0},"b":{"0":[0,0],"1":[0,0],"2":[0,0],"3":[0,0],"4":[0,0]},"_coverageSchema":"1a1c01bbd47fc00a2c39e90264f33305004495a9","hash":"f28103b5858fc55d0ad188e9fffda9466f90d221"}
,"C:\\Users\\laucl\\Projects\\Techies\\Thryffy\\thryffy-webservice\\src\\controllers\\index.js": {"path":"C:\\Users\\laucl\\Projects\\Techies\\Thryffy\\thryffy-webservice\\src\\controllers\\index.js","statementMap":{},"fnMap":{},"branchMap":{},"s":{},"f":{},"b":{},"_coverageSchema":"1a1c01bbd47fc00a2c39e90264f33305004495a9","hash":"f64ee4ec5b506f84a20d317c0aec2899caaa3577"}
,"C:\\Users\\laucl\\Projects\\Techies\\Thryffy\\thryffy-webservice\\src\\controllers\\me.controller.js": {"path":"C:\\Users\\laucl\\Projects\\Techies\\Thryffy\\thryffy-webservice\\src\\controllers\\me.controller.js","statementMap":{"0":{"start":{"line":5,"column":26},"end":{"line":19,"column":1}},"1":{"start":{"line":6,"column":2},"end":{"line":18,"column":3}},"2":{"start":{"line":7,"column":4},"end":{"line":7,"column":26}},"3":{"start":{"line":8,"column":19},"end":{"line":8,"column":27}},"4":{"start":{"line":9,"column":4},"end":{"line":12,"column":7}},"5":{"start":{"line":13,"column":4},"end":{"line":15,"column":7}},"6":{"start":{"line":17,"column":4},"end":{"line":17,"column":19}},"7":{"start":{"line":21,"column":27},"end":{"line":35,"column":1}},"8":{"start":{"line":22,"column":2},"end":{"line":34,"column":3}},"9":{"start":{"line":23,"column":19},"end":{"line":23,"column":27}},"10":{"start":{"line":24,"column":22},"end":{"line":27,"column":6}},"11":{"start":{"line":28,"column":4},"end":{"line":31,"column":7}},"12":{"start":{"line":33,"column":4},"end":{"line":33,"column":19}},"13":{"start":{"line":37,"column":29},"end":{"line":55,"column":1}},"14":{"start":{"line":38,"column":2},"end":{"line":54,"column":3}},"15":{"start":{"line":39,"column":26},"end":{"line":39,"column":36}},"16":{"start":{"line":41,"column":20},"end":{"line":41,"column":73}},"17":{"start":{"line":43,"column":4},"end":{"line":45,"column":5}},"18":{"start":{"line":44,"column":6},"end":{"line":44,"column":67}},"19":{"start":{"line":47,"column":4},"end":{"line":47,"column":37}},"20":{"start":{"line":49,"column":4},"end":{"line":51,"column":7}},"21":{"start":{"line":53,"column":4},"end":{"line":53,"column":19}},"22":{"start":{"line":57,"column":31},"end":{"line":74,"column":1}},"23":{"start":{"line":58,"column":2},"end":{"line":73,"column":3}},"24":{"start":{"line":59,"column":24},"end":{"line":59,"column":34}},"25":{"start":{"line":61,"column":20},"end":{"line":61,"column":92}},"26":{"start":{"line":63,"column":4},"end":{"line":63,"column":68}},"27":{"start":{"line":63,"column":26},"end":{"line":63,"column":68}},"28":{"start":{"line":65,"column":4},"end":{"line":65,"column":36}},"29":{"start":{"line":67,"column":4},"end":{"line":70,"column":7}},"30":{"start":{"line":72,"column":4},"end":{"line":72,"column":19}}},"fnMap":{"0":{"name":"(anonymous_0)","decl":{"start":{"line":5,"column":26},"end":{"line":5,"column":27}},"loc":{"start":{"line":5,"column":52},"end":{"line":19,"column":1}},"line":5},"1":{"name":"(anonymous_1)","decl":{"start":{"line":21,"column":27},"end":{"line":21,"column":28}},"loc":{"start":{"line":21,"column":53},"end":{"line":35,"column":1}},"line":21},"2":{"name":"(anonymous_2)","decl":{"start":{"line":37,"column":29},"end":{"line":37,"column":30}},"loc":{"start":{"line":37,"column":55},"end":{"line":55,"column":1}},"line":37},"3":{"name":"(anonymous_3)","decl":{"start":{"line":57,"column":31},"end":{"line":57,"column":32}},"loc":{"start":{"line":57,"column":57},"end":{"line":74,"column":1}},"line":57}},"branchMap":{"0":{"loc":{"start":{"line":43,"column":4},"end":{"line":45,"column":5}},"type":"if","locations":[{"start":{"line":43,"column":4},"end":{"line":45,"column":5}},{"start":{"line":43,"column":4},"end":{"line":45,"column":5}}],"line":43},"1":{"loc":{"start":{"line":63,"column":4},"end":{"line":63,"column":68}},"type":"if","locations":[{"start":{"line":63,"column":4},"end":{"line":63,"column":68}},{"start":{"line":63,"column":4},"end":{"line":63,"column":68}}],"line":63}},"s":{"0":1,"1":0,"2":0,"3":0,"4":0,"5":0,"6":0,"7":1,"8":0,"9":0,"10":0,"11":0,"12":0,"13":1,"14":0,"15":0,"16":0,"17":0,"18":0,"19":0,"20":0,"21":0,"22":1,"23":0,"24":0,"25":0,"26":0,"27":0,"28":0,"29":0,"30":0},"f":{"0":0,"1":0,"2":0,"3":0},"b":{"0":[0,0],"1":[0,0]},"_coverageSchema":"1a1c01bbd47fc00a2c39e90264f33305004495a9","hash":"deb9aa4522405595247d6ac6f104b3c7e8004675"}
,"C:\\Users\\laucl\\Projects\\Techies\\Thryffy\\thryffy-webservice\\src\\controllers\\product.controller.js": {"path":"C:\\Users\\laucl\\Projects\\Techies\\Thryffy\\thryffy-webservice\\src\\controllers\\product.controller.js","statementMap":{"0":{"start":{"line":4,"column":22},"end":{"line":26,"column":1}},"1":{"start":{"line":5,"column":2},"end":{"line":25,"column":3}},"2":{"start":{"line":6,"column":19},"end":{"line":6,"column":27}},"3":{"start":{"line":7,"column":26},"end":{"line":7,"column":36}},"4":{"start":{"line":9,"column":20},"end":{"line":11,"column":6}},"5":{"start":{"line":12,"column":4},"end":{"line":12,"column":39}},"6":{"start":{"line":13,"column":4},"end":{"line":13,"column":46}},"7":{"start":{"line":19,"column":4},"end":{"line":22,"column":7}},"8":{"start":{"line":24,"column":4},"end":{"line":24,"column":19}},"9":{"start":{"line":28,"column":35},"end":{"line":61,"column":1}},"10":{"start":{"line":29,"column":2},"end":{"line":60,"column":3}},"11":{"start":{"line":30,"column":26},"end":{"line":30,"column":34}},"12":{"start":{"line":31,"column":19},"end":{"line":31,"column":27}},"13":{"start":{"line":33,"column":20},"end":{"line":36,"column":6}},"14":{"start":{"line":38,"column":4},"end":{"line":40,"column":5}},"15":{"start":{"line":39,"column":6},"end":{"line":39,"column":70}},"16":{"start":{"line":42,"column":26},"end":{"line":47,"column":6}},"17":{"start":{"line":49,"column":4},"end":{"line":51,"column":5}},"18":{"start":{"line":50,"column":6},"end":{"line":50,"column":70}},"19":{"start":{"line":53,"column":4},"end":{"line":56,"column":7}},"20":{"start":{"line":57,"column":4},"end":{"line":57,"column":56}},"21":{"start":{"line":59,"column":4},"end":{"line":59,"column":19}}},"fnMap":{"0":{"name":"(anonymous_0)","decl":{"start":{"line":4,"column":22},"end":{"line":4,"column":23}},"loc":{"start":{"line":4,"column":48},"end":{"line":26,"column":1}},"line":4},"1":{"name":"(anonymous_1)","decl":{"start":{"line":28,"column":35},"end":{"line":28,"column":36}},"loc":{"start":{"line":28,"column":61},"end":{"line":61,"column":1}},"line":28}},"branchMap":{"0":{"loc":{"start":{"line":38,"column":4},"end":{"line":40,"column":5}},"type":"if","locations":[{"start":{"line":38,"column":4},"end":{"line":40,"column":5}},{"start":{"line":38,"column":4},"end":{"line":40,"column":5}}],"line":38},"1":{"loc":{"start":{"line":49,"column":4},"end":{"line":51,"column":5}},"type":"if","locations":[{"start":{"line":49,"column":4},"end":{"line":51,"column":5}},{"start":{"line":49,"column":4},"end":{"line":51,"column":5}}],"line":49}},"s":{"0":1,"1":0,"2":0,"3":0,"4":0,"5":0,"6":0,"7":0,"8":0,"9":1,"10":0,"11":0,"12":0,"13":0,"14":0,"15":0,"16":0,"17":0,"18":0,"19":0,"20":0,"21":0},"f":{"0":0,"1":0},"b":{"0":[0,0],"1":[0,0]},"_coverageSchema":"1a1c01bbd47fc00a2c39e90264f33305004495a9","hash":"d5b4dd6d98b47d73415286622b7e11403743ef3f"}
,"C:\\Users\\laucl\\Projects\\Techies\\Thryffy\\thryffy-webservice\\src\\controllers\\test.controller.js": {"path":"C:\\Users\\laucl\\Projects\\Techies\\Thryffy\\thryffy-webservice\\src\\controllers\\test.controller.js","statementMap":{"0":{"start":{"line":5,"column":20},"end":{"line":34,"column":1}},"1":{"start":{"line":6,"column":2},"end":{"line":33,"column":3}},"2":{"start":{"line":7,"column":28},"end":{"line":23,"column":5}},"3":{"start":{"line":8,"column":6},"end":{"line":22,"column":7}},"4":{"start":{"line":9,"column":25},"end":{"line":12,"column":10}},"5":{"start":{"line":13,"column":25},"end":{"line":17,"column":10}},"6":{"start":{"line":18,"column":20},"end":{"line":18,"column":45}},"7":{"start":{"line":19,"column":8},"end":{"line":19,"column":36}},"8":{"start":{"line":21,"column":8},"end":{"line":21,"column":33}},"9":{"start":{"line":25,"column":19},"end":{"line":25,"column":48}},"10":{"start":{"line":27,"column":4},"end":{"line":30,"column":7}},"11":{"start":{"line":32,"column":4},"end":{"line":32,"column":19}}},"fnMap":{"0":{"name":"(anonymous_0)","decl":{"start":{"line":5,"column":20},"end":{"line":5,"column":21}},"loc":{"start":{"line":5,"column":46},"end":{"line":34,"column":1}},"line":5},"1":{"name":"(anonymous_1)","decl":{"start":{"line":7,"column":28},"end":{"line":7,"column":29}},"loc":{"start":{"line":7,"column":41},"end":{"line":23,"column":5}},"line":7}},"branchMap":{},"s":{"0":1,"1":0,"2":0,"3":0,"4":0,"5":0,"6":0,"7":0,"8":0,"9":0,"10":0,"11":0},"f":{"0":0,"1":0},"b":{},"_coverageSchema":"1a1c01bbd47fc00a2c39e90264f33305004495a9","hash":"237a09b0fad36a37dda85bb5583c47a4ac1b6b68"}
,"C:\\Users\\laucl\\Projects\\Techies\\Thryffy\\thryffy-webservice\\src\\hooks\\index.js": {"path":"C:\\Users\\laucl\\Projects\\Techies\\Thryffy\\thryffy-webservice\\src\\hooks\\index.js","statementMap":{},"fnMap":{},"branchMap":{},"s":{},"f":{},"b":{},"_coverageSchema":"1a1c01bbd47fc00a2c39e90264f33305004495a9","hash":"fabd3283bb7f4b47b32b5d7b87f82f1f50e2895a"}
,"C:\\Users\\laucl\\Projects\\Techies\\Thryffy\\thryffy-webservice\\src\\listeners\\authentication.listener.js": {"path":"C:\\Users\\laucl\\Projects\\Techies\\Thryffy\\thryffy-webservice\\src\\listeners\\authentication.listener.js","statementMap":{"0":{"start":{"line":3,"column":28},"end":{"line":3,"column":46}},"1":{"start":{"line":5,"column":0},"end":{"line":11,"column":3}},"2":{"start":{"line":6,"column":2},"end":{"line":10,"column":3}},"3":{"start":{"line":7,"column":4},"end":{"line":7,"column":32}},"4":{"start":{"line":9,"column":4},"end":{"line":9,"column":12}}},"fnMap":{"0":{"name":"(anonymous_0)","decl":{"start":{"line":5,"column":30},"end":{"line":5,"column":31}},"loc":{"start":{"line":5,"column":44},"end":{"line":11,"column":1}},"line":5}},"branchMap":{},"s":{"0":1,"1":1,"2":0,"3":0,"4":0},"f":{"0":0},"b":{},"_coverageSchema":"1a1c01bbd47fc00a2c39e90264f33305004495a9","hash":"d35e60a2b96fc8780ce5d65efdac33d37d24bd37"}
,"C:\\Users\\laucl\\Projects\\Techies\\Thryffy\\thryffy-webservice\\src\\listeners\\index.js": {"path":"C:\\Users\\laucl\\Projects\\Techies\\Thryffy\\thryffy-webservice\\src\\listeners\\index.js","statementMap":{},"fnMap":{},"branchMap":{},"s":{},"f":{},"b":{},"_coverageSchema":"1a1c01bbd47fc00a2c39e90264f33305004495a9","hash":"bccb556525ea516268552f2818e757a545dbf729"}
,"C:\\Users\\laucl\\Projects\\Techies\\Thryffy\\thryffy-webservice\\src\\models\\addresses.model.js": {"path":"C:\\Users\\laucl\\Projects\\Techies\\Thryffy\\thryffy-webservice\\src\\models\\addresses.model.js","statementMap":{"0":{"start":{"line":6,"column":18},"end":{"line":69,"column":1}},"1":{"start":{"line":56,"column":24},"end":{"line":56,"column":53}},"2":{"start":{"line":58,"column":8},"end":{"line":60,"column":10}},"3":{"start":{"line":65,"column":8},"end":{"line":65,"column":39}},"4":{"start":{"line":71,"column":0},"end":{"line":71,"column":36}}},"fnMap":{"0":{"name":"(anonymous_0)","decl":{"start":{"line":56,"column":14},"end":{"line":56,"column":15}},"loc":{"start":{"line":56,"column":24},"end":{"line":56,"column":53}},"line":56},"1":{"name":"(anonymous_1)","decl":{"start":{"line":57,"column":6},"end":{"line":57,"column":7}},"loc":{"start":{"line":57,"column":24},"end":{"line":61,"column":7}},"line":57},"2":{"name":"(anonymous_2)","decl":{"start":{"line":64,"column":18},"end":{"line":64,"column":19}},"loc":{"start":{"line":64,"column":27},"end":{"line":66,"column":7}},"line":64}},"branchMap":{},"s":{"0":1,"1":0,"2":0,"3":0,"4":1},"f":{"0":0,"1":0,"2":0},"b":{},"_coverageSchema":"1a1c01bbd47fc00a2c39e90264f33305004495a9","hash":"d81f77e1f31a4f3d17bd744edde3eaad1b28b6f8"}
,"C:\\Users\\laucl\\Projects\\Techies\\Thryffy\\thryffy-webservice\\src\\models\\admins.model.js": {"path":"C:\\Users\\laucl\\Projects\\Techies\\Thryffy\\thryffy-webservice\\src\\models\\admins.model.js","statementMap":{"0":{"start":{"line":7,"column":15},"end":{"line":66,"column":1}},"1":{"start":{"line":52,"column":24},"end":{"line":52,"column":50}},"2":{"start":{"line":57,"column":8},"end":{"line":59,"column":9}},"3":{"start":{"line":58,"column":10},"end":{"line":58,"column":54}},"4":{"start":{"line":62,"column":8},"end":{"line":62,"column":39}},"5":{"start":{"line":68,"column":0},"end":{"line":68,"column":33}},"6":{"start":{"line":70,"column":0},"end":{"line":73,"column":2}},"7":{"start":{"line":71,"column":16},"end":{"line":71,"column":62}},"8":{"start":{"line":72,"column":2},"end":{"line":72,"column":15}}},"fnMap":{"0":{"name":"(anonymous_0)","decl":{"start":{"line":52,"column":14},"end":{"line":52,"column":15}},"loc":{"start":{"line":52,"column":24},"end":{"line":52,"column":50}},"line":52},"1":{"name":"(anonymous_1)","decl":{"start":{"line":56,"column":20},"end":{"line":56,"column":21}},"loc":{"start":{"line":56,"column":34},"end":{"line":60,"column":7}},"line":56},"2":{"name":"(anonymous_2)","decl":{"start":{"line":61,"column":18},"end":{"line":61,"column":19}},"loc":{"start":{"line":61,"column":27},"end":{"line":63,"column":7}},"line":61},"3":{"name":"(anonymous_3)","decl":{"start":{"line":70,"column":35},"end":{"line":70,"column":36}},"loc":{"start":{"line":70,"column":60},"end":{"line":73,"column":1}},"line":70}},"branchMap":{"0":{"loc":{"start":{"line":57,"column":8},"end":{"line":59,"column":9}},"type":"if","locations":[{"start":{"line":57,"column":8},"end":{"line":59,"column":9}},{"start":{"line":57,"column":8},"end":{"line":59,"column":9}}],"line":57}},"s":{"0":1,"1":0,"2":0,"3":0,"4":0,"5":1,"6":1,"7":0,"8":0},"f":{"0":0,"1":0,"2":0,"3":0},"b":{"0":[0,0]},"_coverageSchema":"1a1c01bbd47fc00a2c39e90264f33305004495a9","hash":"4e203889acde88bf464a882e5fb05da19238bf4a"}
[...]
e":"cond-expr","locations":[{"start":{"line":194,"column":21},"end":{"line":194,"column":84}},{"start":{"line":194,"column":87},"end":{"line":194,"column":89}}],"line":194},"48":{"loc":{"start":{"line":194,"column":22},"end":{"line":194,"column":70}},"type":"binary-expr","locations":[{"start":{"line":194,"column":22},"end":{"line":194,"column":37}},{"start":{"line":194,"column":41},"end":{"line":194,"column":70}}],"line":194},"49":{"loc":{"start":{"line":195,"column":9},"end":{"line":195,"column":89}},"type":"cond-expr","locations":[{"start":{"line":195,"column":21},"end":{"line":195,"column":84}},{"start":{"line":195,"column":87},"end":{"line":195,"column":89}}],"line":195},"50":{"loc":{"start":{"line":195,"column":22},"end":{"line":195,"column":70}},"type":"binary-expr","locations":[{"start":{"line":195,"column":22},"end":{"line":195,"column":37}},{"start":{"line":195,"column":41},"end":{"line":195,"column":70}}],"line":195},"51":{"loc":{"start":{"line":196,"column":9},"end":{"line":196,"column":122}},"type":"cond-expr","locations":[{"start":{"line":196,"column":21},"end":{"line":196,"column":113}},{"start":{"line":196,"column":116},"end":{"line":196,"column":122}}],"line":196},"52":{"loc":{"start":{"line":196,"column":22},"end":{"line":196,"column":45}},"type":"cond-expr","locations":[{"start":{"line":196,"column":34},"end":{"line":196,"column":40}},{"start":{"line":196,"column":43},"end":{"line":196,"column":45}}],"line":196},"53":{"loc":{"start":{"line":196,"column":50},"end":{"line":196,"column":98}},"type":"binary-expr","locations":[{"start":{"line":196,"column":50},"end":{"line":196,"column":65}},{"start":{"line":196,"column":69},"end":{"line":196,"column":98}}],"line":196},"54":{"loc":{"start":{"line":207,"column":20},"end":{"line":207,"column":59}},"type":"binary-expr","locations":[{"start":{"line":207,"column":20},"end":{"line":207,"column":23}},{"start":{"line":207,"column":27},"end":{"line":207,"column":59}}],"line":207},"55":{"loc":{"start":{"line":222,"column":28},"end":{"line":222,"column":48}},"type":"default-arg","locations":[{"start":{"line":222,"column":43},"end":{"line":222,"column":48}}],"line":222},"56":{"loc":{"start":{"line":225,"column":4},"end":{"line":225,"column":34}},"type":"if","locations":[{"start":{"line":225,"column":4},"end":{"line":225,"column":34}},{"start":{"line":225,"column":4},"end":{"line":225,"column":34}}],"line":225},"57":{"loc":{"start":{"line":234,"column":15},"end":{"line":234,"column":57}},"type":"cond-expr","locations":[{"start":{"line":234,"column":39},"end":{"line":234,"column":50}},{"start":{"line":234,"column":53},"end":{"line":234,"column":57}}],"line":234},"58":{"loc":{"start":{"line":246,"column":56},"end":{"line":246,"column":79}},"type":"default-arg","locations":[{"start":{"line":246,"column":77},"end":{"line":246,"column":79}}],"line":246},"59":{"loc":{"start":{"line":246,"column":58},"end":{"line":246,"column":72}},"type":"default-arg","locations":[{"start":{"line":246,"column":67},"end":{"line":246,"column":72}}],"line":246},"60":{"loc":{"start":{"line":248,"column":2},"end":{"line":248,"column":35}},"type":"if","locations":[{"start":{"line":248,"column":2},"end":{"line":248,"column":35}},{"start":{"line":248,"column":2},"end":{"line":248,"column":35}}],"line":248},"61":{"loc":{"start":{"line":249,"column":2},"end":{"line":249,"column":62}},"type":"if","locations":[{"start":{"line":249,"column":2},"end":{"line":249,"column":62}},{"start":{"line":249,"column":2},"end":{"line":249,"column":62}}],"line":249},"62":{"loc":{"start":{"line":255,"column":2},"end":{"line":255,"column":53}},"type":"if","locations":[{"start":{"line":255,"column":2},"end":{"line":255,"column":53}},{"start":{"line":255,"column":2},"end":{"line":255,"column":53}}],"line":255},"63":{"loc":{"start":{"line":255,"column":6},"end":{"line":255,"column":39}},"type":"binary-expr","locations":[{"start":{"line":255,"column":6},"end":{"line":255,"column":14}},{"start":{"line":255,"column":18},"end":{"line":255,"column":39}}],"line":255},"64":{"loc":{"start":{"line":261,"column":2},"end":{"line":261,"column":111}},"type":"default-arg","locations":[{"start":{"line":261,"column":109},"end":{"line":261,"column":111}}],"line":261},"65":{"loc":{"start":{"line":261,"column":4},"end":{"line":261,"column":38}},"type":"default-arg","locations":[{"start":{"line":261,"column":17},"end":{"line":261,"column":38}}],"line":261},"66":{"loc":{"start":{"line":261,"column":40},"end":{"line":261,"column":72}},"type":"default-arg","locations":[{"start":{"line":261,"column":51},"end":{"line":261,"column":72}}],"line":261},"67":{"loc":{"start":{"line":261,"column":74},"end":{"line":261,"column":104}},"type":"default-arg","locations":[{"start":{"line":261,"column":85},"end":{"line":261,"column":104}}],"line":261},"68":{"loc":{"start":{"line":263,"column":2},"end":{"line":263,"column":25}},"type":"if","locations":[{"start":{"line":263,"column":2},"end":{"line":263,"column":25}},{"start":{"line":263,"column":2},"end":{"line":263,"column":25}}],"line":263},"69":{"loc":{"start":{"line":272,"column":2},"end":{"line":272,"column":31}},"type":"if","locations":[{"start":{"line":272,"column":2},"end":{"line":272,"column":31}},{"start":{"line":272,"column":2},"end":{"line":272,"column":31}}],"line":272},"70":{"loc":{"start":{"line":275,"column":2},"end":{"line":275,"column":33}},"type":"if","locations":[{"start":{"line":275,"column":2},"end":{"line":275,"column":33}},{"start":{"line":275,"column":2},"end":{"line":275,"column":33}}],"line":275},"71":{"loc":{"start":{"line":276,"column":2},"end":{"line":276,"column":37}},"type":"if","locations":[{"start":{"line":276,"column":2},"end":{"line":276,"column":37}},{"start":{"line":276,"column":2},"end":{"line":276,"column":37}}],"line":276},"72":{"loc":{"start":{"line":280,"column":28},"end":{"line":280,"column":121}},"type":"default-arg","locations":[{"start":{"line":280,"column":119},"end":{"line":280,"column":121}}],"line":280},"73":{"loc":{"start":{"line":280,"column":46},"end":{"line":280,"column":78}},"type":"default-arg","locations":[{"start":{"line":280,"column":57},"end":{"line":280,"column":78}}],"line":280},"74":{"loc":{"start":{"line":280,"column":80},"end":{"line":280,"column":114}},"type":"default-arg","locations":[{"start":{"line":280,"column":93},"end":{"line":280,"column":114}}],"line":280},"75":{"loc":{"start":{"line":282,"column":2},"end":{"line":288,"column":3}},"type":"if","locations":[{"start":{"line":282,"column":2},"end":{"line":288,"column":3}},{"start":{"line":282,"column":2},"end":{"line":288,"column":3}}],"line":282},"76":{"loc":{"start":{"line":284,"column":9},"end":{"line":288,"column":3}},"type":"if","locations":[{"start":{"line":284,"column":9},"end":{"line":288,"column":3}},{"start":{"line":284,"column":9},"end":{"line":288,"column":3}}],"line":284},"77":{"loc":{"start":{"line":295,"column":4},"end":{"line":295,"column":35}},"type":"if","locations":[{"start":{"line":295,"column":4},"end":{"line":295,"column":35}},{"start":{"line":295,"column":4},"end":{"line":295,"column":35}}],"line":295},"78":{"loc":{"start":{"line":339,"column":8},"end":{"line":339,"column":31}},"type":"if","locations":[{"start":{"line":339,"column":8},"end":{"line":339,"column":31}},{"start":{"line":339,"column":8},"end":{"line":339,"column":31}}],"line":339}},"s":{"0":1,"1":0,"2":0,"3":0,"4":1,"5":0,"6":1,"7":1,"8":0,"9":0,"10":0,"11":0,"12":0,"13":0,"14":0,"15":1,"16":0,"17":0,"18":0,"19":0,"20":0,"21":0,"22":1,"23":0,"24":0,"25":0,"26":0,"27":1,"28":0,"29":0,"30":0,"31":0,"32":0,"33":0,"34":0,"35":0,"36":0,"37":0,"38":0,"39":0,"40":0,"41":0,"42":0,"43":0,"44":0,"45":0,"46":0,"47":0,"48":0,"49":1,"50":0,"51":1,"52":0,"53":0,"54":0,"55":1,"56":0,"57":1,"58":0,"59":1,"60":0,"61":1,"62":0,"63":1,"64":0,"65":0,"66":0,"67":0,"68":0,"69":0,"70":0,"71":0,"72":0,"73":0,"74":0,"75":0,"76":0,"77":0,"78":0,"79":0,"80":0,"81":0,"82":0,"83":0,"84":0,"85":0,"86":1,"87":0,"88":0,"89":0,"90":0,"91":0,"92":0,"93":0,"94":1,"95":0,"96":1,"97":0,"98":0,"99":0,"100":0,"101":0,"102":0,"103":0,"104":0,"105":0,"106":0,"107":0,"108":0,"109":0,"110":0,"111":0,"112":0,"113":0,"114":0,"115":0,"116":0,"117":1,"118":0,"119":0,"120":0,"121":0,"122":0,"123":0,"124":0,"125":0,"126":0,"127":0,"128":0,"129":0,"130":0,"131":0,"132":0,"133":0,"134":0,"135":0,"136":0,"137":1,"138":0,"139":0,"140":1,"141":0,"142":0,"143":0,"144":0,"145":1,"146":0,"147":0,"148":1,"149":0,"150":1,"151":0,"152":1,"153":0,"154":0,"155":0,"156":0,"157":0,"158":0,"159":1,"160":0,"161":0,"162":0,"163":1,"164":0,"165":0,"166":0,"167":1,"168":0,"169":0,"170":0,"171":0,"172":0,"173":0,"174":0,"175":1,"176":0,"177":0,"178":0,"179":1,"180":0,"181":0,"182":0,"183":0,"184":1,"185":0,"186":0,"187":0,"188":0,"189":0,"190":0,"191":0,"192":0,"193":0,"194":0,"195":0,"196":1,"197":0,"198":0,"199":0,"200":0,"201":0,"202":0,"203":1,"204":0,"205":0,"206":0,"207":1,"208":0,"209":1,"210":0,"211":0,"212":0,"213":1,"214":0,"215":0,"216":0,"217":0,"218":0,"219":1,"220":0,"221":0,"222":0,"223":0,"224":0,"225":1,"226":0,"227":0,"228":0,"229":0,"230":0},"f":{"0":0,"1":0,"2":0,"3":0,"4":1,"5":0,"6":0,"7":0,"8":0,"9":0,"10":0,"11":0,"12":0,"13":0,"14":0,"15":0,"16":0,"17":0,"18":0,"19":0,"20":0,"21":0,"22":0,"23":0,"24":0,"25":0,"26":0,"27":0,"28":0,"29":0,"30":0,"31":0,"32":0,"33":0,"34":0,"35":0,"36":0,"37":0,"38":0,"39":0,"40":0,"41":0,"42":0,"43":0,"44":0,"45":0,"46":0,"47":0,"48":0,"49":0,"50":0,"51":0,"52":0,"53":0},"b":{"0":[0],"1":[0],"2":[0,0],"3":[0,0],"4":[0,0],"5":[0,0],"6":[0,0],"7":[0,0],"8":[0,0],"9":[0,0],"10":[0,0],"11":[0,0],"12":[0,0],"13":[0,0],"14":[0,0],"15":[0,0],"16":[0,0],"17":[0,0],"18":[0,0],"19":[0,0],"20":[0,0],"21":[0,0],"22":[0,0],"23":[0,0],"24":[0,0,0,0],"25":[0],"26":[0],"27":[0,0],"28":[0,0],"29":[0,0],"30":[0,0],"31":[0,0],"32":[0,0],"33":[0,0],"34":[0,0],"35":[0,0],"36":[0,0],"37":[0,0],"38":[0,0],"39":[0,0],"40":[0,0],"41":[0,0],"42":[0,0],"43":[0,0],"44":[0,0],"45":[0,0],"46":[0,0],"47":[0,0],"48":[0,0],"49":[0,0],"50":[0,0],"51":[0,0],"52":[0,0],"53":[0,0],"54":[0,0],"55":[0],"56":[0,0],"57":[0,0],"58":[0],"59":[0],"60":[0,0],"61":[0,0],"62":[0,0],"63":[0,0],"64":[0],"65":[0],"66":[0],"67":[0],"68":[0,0],"69":[0,0],"70":[0,0],"71":[0,0],"72":[0],"73":[0],"74":[0],"75":[0,0],"76":[0,0],"77":[0,0],"78":[0,0]},"_coverageSchema":"1a1c01bbd47fc00a2c39e90264f33305004495a9","hash":"3b680f06efdcae94f8fdda598af5e7b1501fee25"}
,"C:\\Users\\laucl\\Projects\\Techies\\Thryffy\\thryffy-webservice\\src\\validators\\authentication.validator.js": {"path":"C:\\Users\\laucl\\Projects\\Techies\\Thryffy\\thryffy-webservice\\src\\validators\\authentication.validator.js","statementMap":{"0":{"start":{"line":7,"column":37},"end":{"line":25,"column":1}},"1":{"start":{"line":27,"column":39},"end":{"line":40,"column":1}},"2":{"start":{"line":36,"column":19},"end":{"line":36,"column":71}},"3":{"start":{"line":37,"column":6},"end":{"line":37,"column":87}},"4":{"start":{"line":37,"column":25},"end":{"line":37,"column":87}},"5":{"start":{"line":38,"column":6},"end":{"line":38,"column":32}},"6":{"start":{"line":42,"column":38},"end":{"line":81,"column":1}},"7":{"start":{"line":48,"column":6},"end":{"line":62,"column":7}},"8":{"start":{"line":49,"column":24},"end":{"line":49,"column":66}},"9":{"start":{"line":50,"column":21},"end":{"line":53,"column":10}},"10":{"start":{"line":54,"column":8},"end":{"line":54,"column":72}},"11":{"start":{"line":54,"column":27},"end":{"line":54,"column":72}},"12":{"start":{"line":55,"column":8},"end":{"line":55,"column":34}},"13":{"start":{"line":56,"column":8},"end":{"line":56,"column":33}},"14":{"start":{"line":58,"column":8},"end":{"line":60,"column":9}},"15":{"start":{"line":59,"column":10},"end":{"line":59,"column":69}},"16":{"start":{"line":61,"column":8},"end":{"line":61,"column":33}},"17":{"start":{"line":75,"column":27},"end":{"line":75,"column":35}},"18":{"start":{"line":76,"column":6},"end":{"line":78,"column":7}},"19":{"start":{"line":77,"column":8},"end":{"line":77,"column":65}},"20":{"start":{"line":79,"column":6},"end":{"line":79,"column":31}}},"fnMap":{"0":{"name":"(anonymous_0)","decl":{"start":{"line":35,"column":12},"end":{"line":35,"column":13}},"loc":{"start":{"line":35,"column":38},"end":{"line":39,"column":5}},"line":35},"1":{"name":"(anonymous_1)","decl":{"start":{"line":47,"column":12},"end":{"line":47,"column":13}},"loc":{"start":{"line":47,"column":43},"end":{"line":63,"column":5}},"line":47},"2":{"name":"(anonymous_2)","decl":{"start":{"line":74,"column":12},"end":{"line":74,"column":13}},"loc":{"start":{"line":74,"column":42},"end":{"line":80,"column":5}},"line":74}},"branchMap":{"0":{"loc":{"start":{"line":37,"column":6},"end":{"line":37,"column":87}},"type":"if","locations":[{"start":{"line":37,"column":6},"end":{"line":37,"column":87}},{"start":{"line":37,"column":6},"end":{"line":37,"column":87}}],"line":37},"1":{"loc":{"start":{"line":54,"column":8},"end":{"line":54,"column":72}},"type":"if","locations":[{"start":{"line":54,"column":8},"end":{"line":54,"column":72}},{"start":{"line":54,"column":8},"end":{"line":54,"column":72}}],"line":54},"2":{"loc":{"start":{"line":58,"column":8},"end":{"line":60,"column":9}},"type":"if","locations":[{"start":{"line":58,"column":8},"end":{"line":60,"column":9}},{"start":{"line":58,"column":8},"end":{"line":60,"column":9}}],"line":58},"3":{"loc":{"start":{"line":76,"column":6},"end":{"line":78,"column":7}},"type":"if","locations":[{"start":{"line":76,"column":6},"end":{"line":78,"column":7}},{"start":{"line":76,"column":6},"end":{"line":78,"column":7}}],"line":76}},"s":{"0":1,"1":1,"2":0,"3":0,"4":0,"5":0,"6":1,"7":0,"8":0,"9":0,"10":0,"11":0,"12":0,"13":0,"14":0,"15":0,"16":0,"17":0,"18":0,"19":0,"20":0},"f":{"0":0,"1":0,"2":0},"b":{"0":[0,0],"1":[0,0],"2":[0,0],"3":[0,0]},"_coverageSchema":"1a1c01bbd47fc00a2c39e90264f33305004495a9","hash":"e36c4d005c9778b3d557f6f8c3747d294de64a80"}
,"C:\\Users\\laucl\\Projects\\Techies\\Thryffy\\thryffy-webservice\\src\\validators\\checkout.validator.js": {"path":"C:\\Users\\laucl\\Projects\\Techies\\Thryffy\\thryffy-webservice\\src\\validators\\checkout.validator.js","statementMap":{"0":{"start":{"line":5,"column":28},"end":{"line":59,"column":1}},"1":{"start":{"line":10,"column":24},"end":{"line":10,"column":44}},"2":{"start":{"line":12,"column":6},"end":{"line":14,"column":7}},"3":{"start":{"line":13,"column":8},"end":{"line":13,"column":55}},"4":{"start":{"line":16,"column":6},"end":{"line":18,"column":7}},"5":{"start":{"line":17,"column":8},"end":{"line":17,"column":55}},"6":{"start":{"line":20,"column":23},"end":{"line":20,"column":84}},"7":{"start":{"line":21,"column":6},"end":{"line":23,"column":7}},"8":{"start":{"line":22,"column":8},"end":{"line":22,"column":74}},"9":{"start":{"line":25,"column":6},"end":{"line":30,"column":7}},"10":{"start":{"line":26,"column":26},"end":{"line":26,"column":64}},"11":{"start":{"line":27,"column":8},"end":{"line":29,"column":9}},"12":{"start":{"line":28,"column":10},"end":{"line":28,"column":70}},"13":{"start":{"line":32,"column":6},"end":{"line":32,"column":31}},"14":{"start":{"line":38,"column":6},"end":{"line":40,"column":7}},"15":{"start":{"line":39,"column":8},"end":{"line":39,"column":36}},"16":{"start":{"line":42,"column":22},"end":{"line":42,"column":86}},"17":{"start":{"line":43,"column":6},"end":{"line":45,"column":7}},"18":{"start":{"line":44,"column":8},"end":{"line":44,"column":52}},"19":{"start":{"line":47,"column":6},"end":{"line":47,"column":31}},"20":{"start":{"line":53,"column":28},"end":{"line":53,"column":42}},"21":{"start":{"line":58,"column":28},"end":{"line":58,"column":42}}},"fnMap":{"0":{"name":"(anonymous_0)","decl":{"start":{"line":9,"column":12},"end":{"line":9,"column":13}},"loc":{"start":{"line":9,"column":32},"end":{"line":33,"column":5}},"line":9},"1":{"name":"(anonymous_1)","decl":{"start":{"line":37,"column":12},"end":{"line":37,"column":13}},"loc":{"start":{"line":37,"column":31},"end":{"line":48,"column":5}},"line":37},"2":{"name":"(anonymous_2)","decl":{"start":{"line":53,"column":21},"end":{"line":53,"column":22}},"loc":{"start":{"line":53,"column":28},"end":{"line":53,"column":42}},"line":53},"3":{"name":"(anonymous_3)","decl":{"start":{"line":58,"column":21},"end":{"line":58,"column":22}},"loc":{"start":{"line":58,"column":28},"end":{"line":58,"column":42}},"line":58}},"branchMap":{"0":{"loc":{"start":{"line":12,"column":6},"end":{"line":14,"column":7}},"type":"if","locations":[{"start":{"line":12,"column":6},"end":{"line":14,"column":7}},{"start":{"line":12,"column":6},"end":{"line":14,"column":7}}],"line":12},"1":{"loc":{"start":{"line":16,"column":6},"end":{"line":18,"column":7}},"type":"if","locations":[{"start":{"line":16,"column":6},"end":{"line":18,"column":7}},{"start":{"line":16,"column":6},"end":{"line":18,"column":7}}],"line":16},"2":{"loc":{"start":{"line":21,"column":6},"end":{"line":23,"column":7}},"type":"if","locations":[{"start":{"line":21,"column":6},"end":{"line":23,"column":7}},{"start":{"line":21,"column":6},"end":{"line":23,"column":7}}],"line":21},"3":{"loc":{"start":{"line":25,"column":6},"end":{"line":30,"column":7}},"type":"if","locations":[{"start":{"line":25,"column":6},"end":{"line":30,"column":7}},{"start":{"line":25,"column":6},"end":{"line":30,"column":7}}],"line":25},"4":{"loc":{"start":{"line":27,"column":8},"end":{"line":29,"column":9}},"type":"if","locations":[{"start":{"line":27,"column":8},"end":{"line":29,"column":9}},{"start":{"line":27,"column":8},"end":{"line":29,"column":9}}],"line":27},"5":{"loc":{"start":{"line":38,"column":6},"end":{"line":40,"column":7}},"type":"if","locations":[{"start":{"line":38,"column":6},"end":{"line":40,"column":7}},{"start":{"line":38,"column":6},"end":{"line":40,"column":7}}],"line":38},"6":{"loc":{"start":{"line":43,"column":6},"end":{"line":45,"column":7}},"type":"if","locations":[{"start":{"line":43,"column":6},"end":{"line":45,"column":7}},{"start":{"line":43,"column":6},"end":{"line":45,"column":7}}],"line":43}},"s":{"0":1,"1":0,"2":0,"3":0,"4":0,"5":0,"6":0,"7":0,"8":0,"9":0,"10":0,"11":0,"12":0,"13":0,"14":0,"15":0,"16":0,"17":0,"18":0,"19":0,"20":0,"21":0},"f":{"0":0,"1":0,"2":0,"3":0},"b":{"0":[0,0],"1":[0,0],"2":[0,0],"3":[0,0],"4":[0,0],"5":[0,0],"6":[0,0]},"_coverageSchema":"1a1c01bbd47fc00a2c39e90264f33305004495a9","hash":"bd3a41430619bf0b3a29d6d487671ad43be23872"}
,"C:\\Users\\laucl\\Projects\\Techies\\Thryffy\\thryffy-webservice\\src\\validators\\index.js": {"path":"C:\\Users\\laucl\\Projects\\Techies\\Thryffy\\thryffy-webservice\\src\\validators\\index.js","statementMap":{"0":{"start":{"line":6,"column":32},"end":{"line":15,"column":1}},"1":{"start":{"line":7,"column":2},"end":{"line":14,"column":3}},"2":{"start":{"line":8,"column":27},"end":{"line":8,"column":96}},"3":{"start":{"line":8,"column":78},"end":{"line":8,"column":96}},"4":{"start":{"line":9,"column":4},"end":{"line":11,"column":15}},"5":{"start":{"line":13,"column":4},"end":{"line":13,"column":12}}},"fnMap":{"0":{"name":"(anonymous_0)","decl":{"start":{"line":6,"column":32},"end":{"line":6,"column":33}},"loc":{"start":{"line":6,"column":39},"end":{"line":15,"column":1}},"line":6},"1":{"name":"(anonymous_1)","decl":{"start":{"line":8,"column":27},"end":{"line":8,"column":28}},"loc":{"start":{"line":8,"column":78},"end":{"line":8,"column":96}},"line":8}},"branchMap":{},"s":{"0":1,"1":0,"2":0,"3":0,"4":0,"5":0},"f":{"0":0,"1":0},"b":{},"_coverageSchema":"1a1c01bbd47fc00a2c39e90264f33305004495a9","hash":"f2ab0b89abb72fd23b4aadb7502133d8b2dc4c8c"}
,"C:\\Users\\laucl\\Projects\\Techies\\Thryffy\\thryffy-webservice\\src\\validators\\me.validator.js": {"path":"C:\\Users\\laucl\\Projects\\Techies\\Thryffy\\thryffy-webservice\\src\\validators\\me.validator.js","statementMap":{"0":{"start":{"line":3,"column":35},"end":{"line":24,"column":1}}},"fnMap":{},"branchMap":{},"s":{"0":1},"f":{},"b":{},"_coverageSchema":"1a1c01bbd47fc00a2c39e90264f33305004495a9","hash":"4f86fd62d85e7ffca1af1c7e3e5eaf59074f39a6"}
}
