TN:
SF:src\scripts.js
FNF:0
FNH:0
LF:0
LH:0
BRF:0
BRH:0
end_of_record
TN:
SF:src\server.js
FN:52,(anonymous_0)
FN:75,(anonymous_1)
FN:76,(anonymous_2)
FN:83,(anonymous_3)
FN:112,(anonymous_4)
FNF:5
FNH:3
FNDA:0,(anonymous_0)
FNDA:1,(anonymous_1)
FNDA:0,(anonymous_2)
FNDA:1,(anonymous_3)
FNDA:1,(anonymous_4)
DA:2,1
DA:3,1
DA:7,1
DA:28,1
DA:29,1
DA:30,1
DA:31,1
DA:39,1
DA:43,1
DA:45,1
DA:46,1
DA:47,1
DA:48,1
DA:50,1
DA:52,0
DA:56,1
DA:65,1
DA:73,1
DA:75,1
DA:76,1
DA:78,1
DA:80,1
DA:83,1
DA:84,1
DA:85,0
DA:87,1
DA:89,0
DA:92,1
DA:94,1
DA:95,1
DA:96,1
DA:98,0
DA:99,0
DA:100,0
DA:101,0
DA:102,0
DA:105,0
DA:108,1
DA:110,1
DA:112,1
DA:113,1
DA:114,1
DA:117,1
LF:43
LH:34
BRDA:84,0,0,0
BRDA:84,0,1,1
BRDA:87,1,0,0
BRDA:87,1,1,1
BRDA:94,2,0,1
BRDA:94,2,1,1
BRDA:95,3,0,1
BRDA:95,3,1,0
BRDA:99,4,0,0
BRDA:99,4,1,0
BRDA:101,5,0,0
BRDA:101,5,1,0
BRDA:110,6,0,1
BRDA:110,6,1,0
BRDA:112,7,0,1
BRDA:112,7,1,0
BRDA:113,8,0,1
BRDA:113,8,1,0
BRDA:114,9,0,1
BRDA:114,9,1,0
BRF:20
BRH:9
end_of_record
TN:
SF:src\configs\configs.js
FNF:0
FNH:0
DA:3,1
DA:5,1
DA:7,1
DA:8,1
DA:9,1
DA:10,1
DA:11,1
DA:12,1
DA:13,1
DA:15,1
DA:16,1
DA:22,1
DA:30,1
LF:13
LH:13
BRDA:7,0,0,1
BRDA:7,0,1,0
BRDA:8,1,0,1
BRDA:8,1,1,0
BRDA:35,2,0,1
BRDA:35,2,1,0
BRDA:36,3,0,1
BRDA:36,3,1,1
BRDA:37,4,0,1
BRDA:37,4,1,0
BRDA:37,5,0,1
BRDA:37,5,1,0
BRF:12
BRH:7
end_of_record
TN:
SF:src\configs\index.js
FNF:0
FNH:0
DA:2,1
DA:3,1
DA:5,1
DA:6,1
LF:4
LH:4
BRF:0
BRH:0
end_of_record
TN:
SF:src\configs\sequelize-connector.config.js
FNF:0
FNH:0
DA:5,1
DA:7,1
DA:9,1
DA:11,1
DA:38,1
LF:5
LH:5
BRDA:9,0,0,1
BRDA:9,0,1,0
BRDA:12,1,0,1
BRDA:12,1,1,0
BRDA:16,2,0,1
BRDA:16,2,1,0
BRDA:17,3,0,1
BRDA:17,3,1,0
BRF:8
BRH:4
end_of_record
TN:
SF:src\constants\index.js
FNF:0
FNH:0
DA:1,1
DA:6,1
DA:12,1
DA:16,1
DA:22,1
DA:28,1
LF:6
LH:6
BRF:0
BRH:0
end_of_record
TN:
SF:src\constants\sequelize.constant.js
FN:9,(anonymous_0)
FNF:1
FNH:1
FNDA:19,(anonymous_0)
DA:3,1
DA:9,19
DA:21,1
DA:39,1
DA:57,1
DA:62,1
DA:64,1
LF:7
LH:7
BRDA:9,0,0,0
BRDA:9,1,0,19
BRDA:9,2,0,18
BRDA:9,3,0,19
BRDA:9,4,0,19
BRF:5
BRH:4
end_of_record
TN:
SF:src\controllers\authentication.controller.js
FN:14,(anonymous_0)
FN:14,(anonymous_1)
FN:16,(anonymous_2)
FN:17,(anonymous_3)
FN:39,(anonymous_4)
FN:40,(anonymous_5)
FN:61,(anonymous_6)
FN:77,(anonymous_7)
FN:82,(anonymous_8)
FN:93,(anonymous_9)
FN:97,(anonymous_10)
FN:103,(anonymous_11)
FN:114,(anonymous_12)
FN:144,(anonymous_13)
FN:154,(anonymous_14)
FN:159,(anonymous_15)
FN:165,(anonymous_16)
FN:176,(anonymous_17)
FN:204,(anonymous_18)
FN:206,(anonymous_19)
FN:265,(anonymous_20)
FN:328,(anonymous_21)
FN:389,(anonymous_22)
FN:396,(anonymous_23)
FN:407,(anonymous_24)
FN:407,(anonymous_25)
FN:427,(anonymous_26)
FN:434,(anonymous_27)
FN:471,(anonymous_28)
FN:473,(anonymous_29)
FN:497,(anonymous_30)
FN:501,(anonymous_31)
FN:516,(anonymous_32)
FN:531,(anonymous_33)
FN:542,(anonymous_34)
FN:570,(anonymous_35)
FN:590,(anonymous_36)
FNF:37
FNH:2
FNDA:0,(anonymous_0)
FNDA:0,(anonymous_1)
FNDA:0,(anonymous_2)
FNDA:0,(anonymous_3)
FNDA:0,(anonymous_4)
FNDA:0,(anonymous_5)
FNDA:1,(anonymous_6)
FNDA:1,(anonymous_7)
FNDA:0,(anonymous_8)
FNDA:0,(anonymous_9)
FNDA:0,(anonymous_10)
FNDA:0,(anonymous_11)
FNDA:0,(anonymous_12)
FNDA:0,(anonymous_13)
FNDA:0,(anonymous_14)
FNDA:0,(anonymous_15)
FNDA:0,(anonymous_16)
FNDA:0,(anonymous_17)
FNDA:0,(anonymous_18)
FNDA:0,(anonymous_19)
FNDA:0,(anonymous_20)
FNDA:0,(anonymous_21)
FNDA:0,(anonymous_22)
FNDA:0,(anonymous_23)
FNDA:0,(anonymous_24)
FNDA:0,(anonymous_25)
FNDA:0,(anonymous_26)
FNDA:0,(anonymous_27)
FNDA:0,(anonymous_28)
FNDA:0,(anonymous_29)
FNDA:0,(anonymous_30)
FNDA:0,(anonymous_31)
FNDA:0,(anonymous_32)
FNDA:0,(anonymous_33)
FNDA:0,(anonymous_34)
FNDA:0,(anonymous_35)
FNDA:0,(anonymous_36)
DA:14,1
DA:16,1
DA:17,0
DA:18,0
DA:19,0
DA:20,0
DA:21,0
DA:22,0
DA:30,0
DA:31,0
DA:32,0
DA:34,0
DA:35,0
DA:39,1
DA:40,0
DA:41,0
DA:42,0
DA:43,0
DA:44,0
DA:45,0
DA:53,0
DA:54,0
DA:56,0
DA:57,0
DA:61,1
DA:62,1
DA:67,1
DA:72,1
DA:73,1
DA:75,1
DA:78,1
DA:79,1
DA:80,0
DA:82,0
DA:83,0
DA:84,0
DA:87,0
DA:89,0
DA:93,0
DA:94,0
DA:97,0
DA:98,0
DA:99,0
DA:100,0
DA:103,0
DA:104,0
DA:105,0
DA:106,0
DA:107,0
DA:108,0
DA:110,0
DA:114,0
DA:115,0
DA:116,0
DA:117,0
DA:118,0
DA:124,0
DA:128,0
DA:129,0
DA:134,0
DA:140,0
DA:144,1
DA:145,0
DA:146,0
DA:150,0
DA:151,0
DA:152,0
DA:155,0
DA:156,0
DA:157,0
DA:159,0
DA:160,0
DA:161,0
DA:162,0
DA:165,0
DA:166,0
DA:167,0
DA:168,0
DA:169,0
DA:170,0
DA:172,0
DA:176,0
DA:177,0
DA:178,0
DA:179,0
DA:180,0
DA:181,0
DA:183,0
DA:187,0
DA:189,0
DA:194,0
DA:200,0
DA:204,1
DA:205,0
DA:206,0
DA:207,0
DA:209,0
DA:210,0
DA:214,0
DA:215,0
DA:217,0
DA:221,0
DA:222,0
DA:224,0
DA:225,0
DA:226,0
DA:228,0
DA:236,0
DA:237,0
DA:240,0
DA:241,0
DA:243,0
DA:244,0
DA:246,0
DA:248,0
DA:255,0
DA:256,0
DA:258,0
DA:261,0
DA:265,1
DA:266,0
DA:267,0
DA:268,0
DA:270,0
DA:272,0
DA:278,0
DA:279,0
DA:280,0
DA:281,0
DA:283,0
DA:286,0
DA:293,0
DA:294,0
DA:295,0
DA:299,0
DA:301,0
DA:303,0
DA:318,0
DA:328,1
DA:329,0
DA:330,0
DA:331,0
DA:332,0
DA:333,0
DA:339,0
DA:340,0
DA:343,0
DA:344,0
DA:346,0
DA:349,0
DA:356,0
DA:357,0
DA:359,0
DA:363,0
DA:364,0
DA:379,0
DA:389,1
DA:390,0
DA:391,0
DA:392,0
DA:393,0
DA:394,0
DA:396,0
DA:397,0
DA:398,0
DA:401,0
DA:403,0
DA:407,0
DA:408,0
DA:409,0
DA:410,0
DA:413,0
DA:415,0
DA:419,0
DA:427,1
DA:428,0
DA:429,0
DA:430,0
DA:431,0
DA:432,0
DA:435,0
DA:436,0
DA:437,0
DA:438,0
DA:441,0
DA:445,0
DA:447,0
DA:448,0
DA:449,0
DA:451,0
DA:452,0
DA:453,0
DA:459,0
DA:461,0
DA:467,0
DA:471,1
DA:472,0
DA:473,0
DA:474,0
DA:475,0
DA:476,0
DA:480,0
DA:482,0
DA:483,0
DA:484,0
DA:485,0
DA:487,0
DA:488,0
DA:490,0
DA:493,0
DA:497,1
DA:498,0
DA:499,0
DA:501,0
DA:502,0
DA:503,0
DA:507,0
DA:508,0
DA:510,0
DA:512,0
DA:516,0
DA:517,0
DA:518,0
DA:522,0
DA:523,0
DA:525,0
DA:527,0
DA:531,0
DA:532,0
DA:533,0
DA:534,0
DA:535,0
DA:536,0
DA:538,0
DA:542,0
DA:543,0
DA:544,0
DA:545,0
DA:547,0
DA:549,0
DA:551,0
DA:555,0
DA:557,0
DA:559,0
DA:566,0
DA:570,1
DA:571,0
DA:572,0
DA:574,0
DA:576,0
DA:577,0
DA:582,0
DA:586,0
DA:590,1
DA:591,0
DA:592,0
DA:593,0
DA:594,0
DA:601,0
DA:605,0
LF:260
LH:21
BRDA:79,0,0,1
BRDA:79,0,1,0
BRDA:80,1,0,0
BRDA:80,1,1,0
BRDA:156,2,0,0
BRDA:156,2,1,0
BRDA:157,3,0,0
BRDA:157,3,1,0
BRDA:209,4,0,0
BRDA:209,4,1,0
BRDA:214,5,0,0
BRDA:214,5,1,0
BRDA:221,6,0,0
BRDA:221,6,1,0
BRDA:236,7,0,0
BRDA:236,7,1,0
BRDA:240,8,0,0
BRDA:240,8,1,0
BRDA:255,9,0,0
BRDA:255,9,1,0
BRDA:278,10,0,0
BRDA:278,10,1,0
BRDA:280,11,0,0
BRDA:280,11,1,0
BRDA:339,12,0,0
BRDA:339,12,1,0
BRDA:343,13,0,0
BRDA:343,13,1,0
BRDA:408,14,0,0
BRDA:408,14,1,0
BRDA:436,15,0,0
BRDA:436,15,1,0
BRDA:436,16,0,0
BRDA:436,16,1,0
BRDA:437,17,0,0
BRDA:437,17,1,0
BRDA:445,18,0,0
BRDA:445,18,1,0
BRDA:474,19,0,0
BRDA:474,19,1,0
BRDA:475,20,0,0
BRDA:475,20,1,0
BRDA:480,21,0,0
BRDA:480,21,1,0
BRDA:487,22,0,0
BRDA:487,22,1,0
BRDA:507,23,0,0
BRDA:507,23,1,0
BRDA:522,24,0,0
BRDA:522,24,1,0
BRF:50
BRH:1
end_of_record
TN:
SF:src\controllers\cart.controller.js
FN:8,(anonymous_0)
FN:37,(anonymous_1)
FN:42,(anonymous_2)
FN:57,(anonymous_3)
FN:74,(anonymous_4)
FN:96,(anonymous_5)
FN:122,(anonymous_6)
FN:151,(anonymous_7)
FN:167,(anonymous_8)
FN:167,(anonymous_9)
FN:185,(anonymous_10)
FN:209,(anonymous_11)
FNF:12
FNH:0
FNDA:0,(anonymous_0)
FNDA:0,(anonymous_1)
FNDA:0,(anonymous_2)
FNDA:0,(anonymous_3)
FNDA:0,(anonymous_4)
FNDA:0,(anonymous_5)
FNDA:0,(anonymous_6)
FNDA:0,(anonymous_7)
FNDA:0,(anonymous_8)
FNDA:0,(anonymous_9)
FNDA:0,(anonymous_10)
FNDA:0,(anonymous_11)
DA:8,1
DA:9,0
DA:10,0
DA:11,0
DA:13,0
DA:21,0
DA:23,0
DA:28,0
DA:33,0
DA:37,1
DA:38,0
DA:39,0
DA:40,0
DA:42,0
DA:43,0
DA:44,0
DA:48,0
DA:49,0
DA:51,0
DA:53,0
DA:57,0
DA:58,0
DA:59,0
DA:65,0
DA:66,0
DA:68,0
DA:70,0
DA:74,0
DA:75,0
DA:76,0
DA:80,0
DA:82,0
DA:86,0
DA:88,0
DA:92,0
DA:96,1
DA:97,0
DA:98,0
DA:99,0
DA:101,0
DA:108,0
DA:109,0
DA:112,0
DA:114,0
DA:118,0
DA:122,1
DA:123,0
DA:124,0
DA:125,0
DA:127,0
DA:129,0
DA:131,0
DA:137,0
DA:147,0
DA:151,1
DA:152,0
DA:153,0
DA:154,0
DA:156,0
DA:157,0
DA:159,0
DA:165,0
DA:167,0
DA:168,0
DA:169,0
DA:174,0
DA:178,0
DA:179,0
DA:181,0
DA:185,0
DA:186,0
DA:187,0
DA:203,0
DA:205,0
DA:209,0
DA:210,0
DA:211,0
DA:212,0
DA:214,0
DA:218,0
DA:220,0
DA:221,0
DA:225,0
DA:226,0
LF:84
LH:5
BRDA:24,0,0,0
BRDA:24,0,1,0
BRDA:25,1,0,0
BRDA:25,1,1,0
BRDA:48,2,0,0
BRDA:48,2,1,0
BRDA:65,3,0,0
BRDA:65,3,1,0
BRDA:108,4,0,0
BRDA:108,4,1,0
BRDA:134,5,0,0
BRDA:134,5,1,0
BRF:12
BRH:0
end_of_record
TN:
SF:src\controllers\favourite.controller.js
FN:4,(anonymous_0)
FN:31,(anonymous_1)
FN:54,(anonymous_2)
FNF:3
FNH:0
FNDA:0,(anonymous_0)
FNDA:0,(anonymous_1)
FNDA:0,(anonymous_2)
DA:4,1
DA:5,0
DA:6,0
DA:7,0
DA:9,0
DA:15,0
DA:17,0
DA:22,0
DA:27,0
DA:31,1
DA:32,0
DA:33,0
DA:34,0
DA:36,0
DA:40,0
DA:41,0
DA:44,0
DA:46,0
DA:50,0
DA:54,1
DA:55,0
DA:56,0
DA:57,0
DA:59,0
DA:64,0
DA:65,0
DA:68,0
DA:75,0
DA:76,0
DA:79,0
DA:83,0
DA:85,0
LF:32
LH:3
BRDA:18,0,0,0
BRDA:18,0,1,0
BRDA:19,1,0,0
BRDA:19,1,1,0
BRDA:40,2,0,0
BRDA:40,2,1,0
BRDA:64,3,0,0
BRDA:64,3,1,0
BRDA:75,4,0,0
BRDA:75,4,1,0
BRF:10
BRH:0
end_of_record
TN:
SF:src\controllers\index.js
FNF:0
FNH:0
LF:0
LH:0
BRF:0
BRH:0
end_of_record
TN:
SF:src\controllers\me.controller.js
FN:5,(anonymous_0)
FN:21,(anonymous_1)
FN:37,(anonymous_2)
FN:57,(anonymous_3)
FNF:4
FNH:0
FNDA:0,(anonymous_0)
FNDA:0,(anonymous_1)
FNDA:0,(anonymous_2)
FNDA:0,(anonymous_3)
DA:5,1
DA:6,0
DA:7,0
DA:8,0
DA:9,0
DA:13,0
DA:17,0
DA:21,1
DA:22,0
DA:23,0
DA:24,0
DA:28,0
DA:33,0
DA:37,1
DA:38,0
DA:39,0
DA:41,0
DA:43,0
DA:44,0
DA:47,0
DA:49,0
DA:53,0
DA:57,1
DA:58,0
DA:59,0
DA:61,0
DA:63,0
DA:65,0
DA:67,0
DA:72,0
LF:30
LH:4
BRDA:43,0,0,0
BRDA:43,0,1,0
BRDA:63,1,0,0
BRDA:63,1,1,0
BRF:4
BRH:0
end_of_record
TN:
SF:src\controllers\product.controller.js
FN:4,(anonymous_0)
FN:28,(anonymous_1)
FNF:2
FNH:0
FNDA:0,(anonymous_0)
FNDA:0,(anonymous_1)
DA:4,1
DA:5,0
DA:6,0
DA:7,0
DA:9,0
DA:12,0
DA:13,0
DA:19,0
DA:24,0
DA:28,1
DA:29,0
DA:30,0
DA:31,0
DA:33,0
DA:38,0
DA:39,0
DA:42,0
DA:49,0
DA:50,0
DA:53,0
DA:57,0
DA:59,0
LF:22
LH:2
BRDA:38,0,0,0
BRDA:38,0,1,0
BRDA:49,1,0,0
BRDA:49,1,1,0
BRF:4
BRH:0
end_of_record
TN:
SF:src\controllers\test.controller.js
FN:5,(anonymous_0)
FN:7,(anonymous_1)
FNF:2
FNH:0
FNDA:0,(anonymous_0)
FNDA:0,(anonymous_1)
DA:5,1
DA:6,0
DA:7,0
DA:8,0
DA:9,0
DA:13,0
DA:18,0
DA:19,0
DA:21,0
DA:25,0
DA:27,0
DA:32,0
LF:12
LH:1
BRF:0
BRH:0
end_of_record
TN:
SF:src\hooks\index.js
FNF:0
FNH:0
LF:0
LH:0
BRF:0
BRH:0
end_of_record
TN:
SF:src\listeners\authentication.listener.js
FN:5,(anonymous_0)
FNF:1
FNH:0
FNDA:0,(anonymous_0)
DA:3,1
DA:5,1
DA:6,0
DA:7,0
DA:9,0
LF:5
LH:2
BRF:0
BRH:0
end_of_record
TN:
SF:src\listeners\index.js
FNF:0
FNH:0
LF:0
LH:0
BRF:0
BRH:0
end_of_record
TN:
SF:src\models\addresses.model.js
FN:56,(anonymous_0)
FN:57,(anonymous_1)
FN:64,(anonymous_2)
FNF:3
FNH:0
FNDA:0,(anonymous_0)
FNDA:0,(anonymous_1)
FNDA:0,(anonymous_2)
DA:6,1
DA:56,0
DA:58,0
DA:65,0
DA:71,1
LF:5
LH:2
BRF:0
BRH:0
end_of_record
TN:
SF:src\models\admins.model.js
FN:52,(anonymous_0)
FN:56,(anonymous_1)
FN:61,(anonymous_2)
FN:70,(anonymous_3)
FNF:4
FNH:0
FNDA:0,(anonymous_0)
FNDA:0,(anonymous_1)
FNDA:0,(anonymous_2)
FNDA:0,(anonymous_3)
DA:7,1
DA:52,0
DA:57,0
DA:58,0
DA:62,0
DA:68,1
DA:70,1
DA:71,0
DA:72,0
LF:9
LH:3
BRDA:57,0,0,0
BRDA:57,0,1,0
BRF:2
BRH:0
end_of_record
TN:
SF:src\models\cart_items.model.js
FN:21,(anonymous_0)
FN:24,(anonymous_1)
FNF:2
FNH:0
FNDA:0,(anonymous_0)
FNDA:0,(anonymous_1)
DA:8,1
DA:21,0
DA:25,0
DA:31,1
LF:4
LH:2
BRF:0
BRH:0
end_of_record
TN:
SF:src\models\categories.model.js
FN:35,(anonymous_0)
FN:38,(anonymous_1)
FNF:2
FNH:0
FNDA:0,(anonymous_0)
FNDA:0,(anonymous_1)
DA:6,1
DA:35,0
DA:39,0
DA:45,1
LF:4
LH:2
BRF:0
BRH:0
end_of_record
TN:
SF:src\models\category_product.model.js
FN:28,(anonymous_0)
FN:31,(anonymous_1)
FNF:2
FNH:0
FNDA:0,(anonymous_0)
FNDA:0,(anonymous_1)
DA:6,1
DA:28,0
DA:32,0
DA:38,1
LF:4
LH:2
BRF:0
BRH:0
end_of_record
TN:
SF:src\models\favourite_products.model.js
FN:19,(anonymous_0)
FN:22,(anonymous_1)
FNF:2
FNH:0
FNDA:0,(anonymous_0)
FNDA:0,(anonymous_1)
DA:6,1
DA:19,0
DA:23,0
DA:29,1
LF:4
LH:2
BRF:0
BRH:0
end_of_record
TN:
SF:src\models\galleries.model.js
FN:24,(anonymous_0)
FN:27,(anonymous_1)
FNF:2
FNH:0
FNDA:0,(anonymous_0)
FNDA:0,(anonymous_1)
DA:6,1
DA:24,0
DA:28,0
DA:34,1
LF:4
LH:2
BRF:0
BRH:0
end_of_record
TN:
SF:src\models\index.js
FNF:0
FNH:0
DA:1,1
DA:2,1
LF:2
LH:2
BRF:0
BRH:0
end_of_record
TN:
SF:src\models\models.association.js
FNF:0
FNH:0
DA:3,1
DA:4,1
DA:5,1
DA:6,1
DA:7,1
DA:9,1
DA:11,1
DA:12,1
DA:13,1
DA:15,1
DA:16,1
DA:17,1
DA:19,1
DA:20,1
DA:21,1
DA:22,1
DA:23,1
DA:24,1
DA:27,1
DA:28,1
DA:29,1
DA:31,1
DA:35,1
DA:37,1
DA:38,1
LF:25
LH:25
BRF:0
BRH:0
end_of_record
TN:
SF:src\models\order_items.model.js
FN:19,(anonymous_0)
FN:22,(anonymous_1)
FNF:2
FNH:0
FNDA:0,(anonymous_0)
FNDA:0,(anonymous_1)
DA:6,1
DA:19,0
DA:23,0
DA:29,1
LF:4
LH:2
BRF:0
BRH:0
end_of_record
TN:
SF:src\models\pages.model.js
FN:23,(anonymous_0)
FN:26,(anonymous_1)
FNF:2
FNH:0
FNDA:0,(anonymous_0)
FNDA:0,(anonymous_1)
DA:6,1
DA:23,0
DA:27,0
DA:33,1
LF:4
LH:2
BRF:0
BRH:0
end_of_record
TN:
SF:src\models\product_colors.model.js
FN:26,(anonymous_0)
FN:29,(anonymous_1)
FNF:2
FNH:0
FNDA:0,(anonymous_0)
FNDA:0,(anonymous_1)
DA:6,1
DA:26,0
DA:30,0
DA:36,1
LF:4
LH:2
BRF:0
BRH:0
end_of_record
TN:
SF:src\models\products.model.js
FN:36,(anonymous_0)
FN:42,(anonymous_1)
FN:53,(anonymous_2)
FN:69,(anonymous_3)
FN:78,(anonymous_4)
FN:89,(anonymous_5)
FNF:6
FNH:0
FNDA:0,(anonymous_0)
FNDA:0,(anonymous_1)
FNDA:0,(anonymous_2)
FNDA:0,(anonymous_3)
FNDA:0,(anonymous_4)
FNDA:0,(anonymous_5)
DA:8,1
DA:37,0
DA:43,0
DA:53,0
DA:70,0
DA:76,1
DA:78,1
DA:79,0
DA:80,0
DA:83,0
DA:85,0
DA:89,1
DA:90,0
DA:91,0
DA:98,0
DA:100,0
LF:16
LH:4
BRF:0
BRH:0
end_of_record
TN:
SF:src\models\products_subcategories.model.js
FN:18,(anonymous_0)
FN:21,(anonymous_1)
FNF:2
FNH:0
FNDA:0,(anonymous_0)
FNDA:0,(anonymous_1)
DA:6,1
DA:18,0
DA:22,0
DA:28,1
LF:4
LH:2
BRF:0
BRH:0
end_of_record
TN:
SF:src\models\reviews.model.js
FN:22,(anonymous_0)
FN:25,(anonymous_1)
FNF:2
FNH:0
FNDA:0,(anonymous_0)
FNDA:0,(anonymous_1)
DA:6,1
DA:22,0
DA:26,0
DA:32,1
LF:4
LH:2
BRF:0
BRH:0
end_of_record
TN:
SF:src\models\sales_orders.model.js
FN:51,(anonymous_0)
FN:62,(anonymous_1)
FN:63,(anonymous_2)
FN:96,(anonymous_3)
FN:105,(anonymous_4)
FNF:5
FNH:0
FNDA:0,(anonymous_0)
FNDA:0,(anonymous_1)
FNDA:0,(anonymous_2)
FNDA:0,(anonymous_3)
FNDA:0,(anonymous_4)
DA:8,1
DA:52,0
DA:62,0
DA:64,0
DA:97,0
DA:103,1
DA:105,1
DA:106,0
DA:107,0
DA:108,0
DA:110,0
LF:11
LH:3
BRF:0
BRH:0
end_of_record
TN:
SF:src\models\subcategories.model.js
FN:23,(anonymous_0)
FN:26,(anonymous_1)
FNF:2
FNH:0
FNDA:0,(anonymous_0)
FNDA:0,(anonymous_1)
DA:6,1
DA:23,0
DA:27,0
DA:33,1
LF:4
LH:2
BRF:0
BRH:0
end_of_record
TN:
SF:src\models\subscriptions.model.js
FN:26,(anonymous_0)
FN:29,(anonymous_1)
FNF:2
FNH:0
FNDA:0,(anonymous_0)
FNDA:0,(anonymous_1)
DA:6,1
DA:26,0
DA:30,0
DA:36,1
LF:4
LH:2
BRF:0
BRH:0
end_of_record
TN:
SF:src\models\users.model.js
FN:78,(anonymous_0)
FN:91,(anonymous_1)
FN:92,(anonymous_2)
FN:108,(anonymous_3)
FN:113,(anonymous_4)
FN:122,(anonymous_5)
FNF:6
FNH:1
FNDA:0,(anonymous_0)
FNDA:0,(anonymous_1)
FNDA:0,(anonymous_2)
FNDA:0,(anonymous_3)
FNDA:1,(anonymous_4)
FNDA:0,(anonymous_5)
DA:8,1
DA:79,0
DA:80,0
DA:91,0
DA:93,0
DA:109,0
DA:110,0
DA:114,1
DA:120,1
DA:122,1
DA:123,0
DA:124,0
LF:12
LH:4
BRDA:109,0,0,0
BRDA:109,0,1,0
BRF:2
BRH:0
end_of_record
TN:
SF:src\routes\authentication.routes.js
FN:8,(anonymous_0)
FNF:1
FNH:0
FNDA:0,(anonymous_0)
DA:4,1
DA:6,1
DA:7,1
DA:8,1
DA:9,0
DA:10,0
LF:6
LH:4
BRF:0
BRH:0
end_of_record
TN:
SF:src\routes\index.js
FN:11,(anonymous_0)
FNF:1
FNH:1
FNDA:1,(anonymous_0)
DA:8,1
DA:9,1
DA:15,1
DA:16,1
DA:17,1
DA:18,1
DA:22,1
DA:23,1
DA:25,1
LF:9
LH:9
BRF:0
BRH:0
end_of_record
TN:
SF:src\routes\mobile\authentication.routes.js
FN:19,(anonymous_0)
FN:27,(anonymous_1)
FNF:2
FNH:0
FNDA:0,(anonymous_0)
FNDA:0,(anonymous_1)
DA:7,1
DA:9,1
DA:11,1
DA:12,1
DA:13,1
DA:14,1
DA:15,1
DA:16,1
DA:17,1
DA:19,1
DA:20,0
DA:25,1
DA:28,0
DA:35,1
DA:36,1
LF:15
LH:13
BRF:0
BRH:0
end_of_record
TN:
SF:src\routes\mobile\cart.routes.js
FNF:0
FNH:0
DA:5,1
DA:7,1
DA:8,1
DA:9,1
DA:11,1
DA:12,1
LF:6
LH:6
BRF:0
BRH:0
end_of_record
TN:
SF:src\routes\mobile\favourites.routes.js
FNF:0
FNH:0
DA:4,1
DA:6,1
DA:7,1
DA:8,1
LF:4
LH:4
BRF:0
BRH:0
end_of_record
TN:
SF:src\routes\mobile\me.routes.js
FNF:0
FNH:0
DA:5,1
DA:7,1
DA:8,1
DA:9,1
DA:11,1
LF:5
LH:5
BRF:0
BRH:0
end_of_record
TN:
SF:src\routes\mobile\products.routes.js
FNF:0
FNH:0
DA:4,1
DA:6,1
LF:2
LH:2
BRF:0
BRH:0
end_of_record
TN:
SF:src\scripts\cronjobs.script.js
FNF:0
FNH:0
LF:0
LH:0
BRF:0
BRH:0
end_of_record
TN:
SF:src\services\checkout.services.js
FN:4,(anonymous_0)
FN:5,(anonymous_1)
FN:14,(anonymous_2)
FN:44,(anonymous_3)
FN:72,(anonymous_4)
FNF:5
FNH:0
FNDA:0,(anonymous_0)
FNDA:0,(anonymous_1)
FNDA:0,(anonymous_2)
FNDA:0,(anonymous_3)
FNDA:0,(anonymous_4)
DA:4,1
DA:5,0
DA:6,0
DA:7,0
DA:14,0
DA:15,0
DA:16,0
DA:17,0
DA:19,0
DA:20,0
DA:22,0
DA:24,0
DA:32,0
DA:33,0
DA:34,0
DA:36,0
DA:38,0
DA:40,0
DA:44,0
DA:45,0
DA:46,0
DA:48,0
DA:49,0
DA:51,0
DA:52,0
DA:54,0
DA:61,0
DA:62,0
DA:64,0
DA:66,0
DA:68,0
DA:72,0
DA:73,0
DA:74,0
DA:75,0
DA:77,0
DA:78,0
DA:80,0
DA:86,0
DA:87,0
DA:89,0
DA:91,0
DA:93,0
DA:97,0
DA:99,0
DA:101,0
LF:46
LH:1
BRDA:4,0,0,0
BRDA:46,1,0,0
BRDA:46,1,1,0
BRF:3
BRH:0
end_of_record
TN:
SF:src\styles\error.style.js
FNF:0
FNH:0
DA:1,1
LF:1
LH:1
BRF:0
BRH:0
end_of_record
TN:
SF:src\tools\bcrypt.js
FN:5,(anonymous_0)
FN:10,(anonymous_1)
FN:10,(anonymous_2)
FN:10,(anonymous_3)
FNF:4
FNH:0
FNDA:0,(anonymous_0)
FNDA:0,(anonymous_1)
FNDA:0,(anonymous_2)
FNDA:0,(anonymous_3)
DA:5,1
DA:6,0
DA:7,0
DA:10,1
LF:4
LH:2
BRF:0
BRH:0
end_of_record
TN:
SF:src\tools\passport.js
FN:22,(anonymous_0)
FN:44,(anonymous_1)
FN:64,(anonymous_2)
FN:87,(anonymous_3)
FN:117,(anonymous_4)
FN:179,(anonymous_5)
FN:196,(anonymous_6)
FNF:7
FNH:1
FNDA:1,(anonymous_0)
FNDA:0,(anonymous_1)
FNDA:0,(anonymous_2)
FNDA:0,(anonymous_3)
FNDA:0,(anonymous_4)
FNDA:0,(anonymous_5)
FNDA:0,(anonymous_6)
DA:16,1
DA:17,1
DA:18,1
DA:20,1
DA:23,1
DA:24,1
DA:26,0
DA:27,0
DA:28,0
DA:30,0
DA:32,0
DA:33,0
DA:35,0
DA:37,1
DA:42,1
DA:45,0
DA:46,0
DA:51,0
DA:52,0
DA:53,0
DA:54,0
DA:55,0
DA:57,0
DA:62,1
DA:65,0
DA:66,0
DA:70,0
DA:71,0
DA:72,0
DA:75,0
DA:76,0
DA:77,0
DA:80,0
DA:82,0
DA:87,1
DA:88,0
DA:89,0
DA:90,0
DA:91,0
DA:93,0
DA:95,0
DA:96,0
DA:98,0
DA:99,0
DA:101,0
DA:102,0
DA:104,0
DA:105,0
DA:107,0
DA:109,0
DA:111,0
DA:113,0
DA:117,1
DA:118,0
DA:119,0
DA:120,0
DA:121,0
DA:123,0
DA:125,0
DA:126,0
DA:128,0
DA:129,0
DA:131,0
DA:132,0
DA:134,0
DA:135,0
DA:137,0
DA:139,0
DA:141,0
DA:143,0
DA:147,1
DA:159,1
DA:171,1
DA:180,0
DA:181,0
DA:183,0
DA:189,1
DA:197,0
DA:198,0
DA:200,0
LF:80
LH:15
BRDA:26,0,0,0
BRDA:26,0,1,0
BRDA:27,1,0,0
BRDA:27,1,1,0
BRDA:28,2,0,0
BRDA:28,2,1,0
BRDA:30,3,0,0
BRDA:30,3,1,0
BRDA:33,4,0,0
BRDA:33,4,1,0
BRDA:51,5,0,0
BRDA:51,5,1,0
BRDA:52,6,0,0
BRDA:52,6,1,0
BRDA:54,7,0,0
BRDA:54,7,1,0
BRDA:70,8,0,0
BRDA:70,8,1,0
BRDA:71,9,0,0
BRDA:71,9,1,0
BRDA:76,10,0,0
BRDA:76,10,1,0
BRDA:89,11,0,0
BRDA:89,11,1,0
BRDA:93,12,0,0
BRDA:93,12,1,0
BRDA:93,12,2,0
BRDA:93,12,3,0
BRDA:93,12,4,0
BRDA:119,13,0,0
BRDA:119,13,1,0
BRDA:123,14,0,0
BRDA:123,14,1,0
BRDA:123,14,2,0
BRDA:123,14,3,0
BRDA:123,14,4,0
BRF:36
BRH:0
end_of_record
TN:
SF:src\utils\auth.util.js
FN:5,(anonymous_0)
FN:7,(anonymous_1)
FN:8,(anonymous_2)
FN:25,(anonymous_3)
FN:27,(anonymous_4)
FN:28,(anonymous_5)
FNF:6
FNH:0
FNDA:0,(anonymous_0)
FNDA:0,(anonymous_1)
FNDA:0,(anonymous_2)
FNDA:0,(anonymous_3)
FNDA:0,(anonymous_4)
FNDA:0,(anonymous_5)
DA:5,1
DA:7,1
DA:8,0
DA:9,0
DA:10,0
DA:19,0
DA:21,0
DA:25,1
DA:27,1
DA:28,0
DA:29,0
DA:30,0
DA:39,0
DA:41,0
LF:14
LH:4
BRF:0
BRH:0
end_of_record
TN:
SF:src\utils\cookie.util.js
FN:4,(anonymous_0)
FN:4,(anonymous_1)
FNF:2
FNH:1
FNDA:1,(anonymous_0)
FNDA:0,(anonymous_1)
DA:4,1
DA:5,0
DA:6,0
LF:3
LH:1
BRDA:4,0,0,0
BRF:1
BRH:0
end_of_record
TN:
SF:src\utils\index.js
FNF:0
FNH:0
LF:0
LH:0
BRF:0
BRH:0
end_of_record
TN:
SF:src\utils\model.util.js
FN:4,(anonymous_0)
FN:9,(anonymous_1)
FNF:2
FNH:0
FNDA:0,(anonymous_0)
FNDA:0,(anonymous_1)
DA:4,1
DA:5,0
DA:6,0
DA:8,0
DA:9,0
DA:11,0
DA:14,0
LF:7
LH:1
BRDA:5,0,0,0
BRDA:5,0,1,0
BRDA:6,1,0,0
BRDA:6,1,1,0
BRDA:11,2,0,0
BRDA:11,2,1,0
BRF:6
BRH:0
end_of_record
TN:
SF:src\utils\sequelize-hooks.util.js
FN:8,(anonymous_0)
FN:12,(anonymous_1)
FN:13,(anonymous_2)
FN:39,(anonymous_3)
FN:40,(anonymous_4)
FN:44,(anonymous_5)
FN:55,(anonymous_6)
FN:60,(anonymous_7)
FN:66,(anonymous_8)
FN:73,(anonymous_9)
FN:77,(anonymous_10)
FN:80,(anonymous_11)
FN:93,(anonymous_12)
FN:99,(anonymous_13)
FN:101,(anonymous_14)
FN:115,(anonymous_15)
FN:126,(anonymous_16)
FN:128,(anonymous_17)
FN:132,(anonymous_18)
FN:141,(anonymous_19)
FN:148,(anonymous_20)
FN:156,(anonymous_21)
FN:159,(anonymous_22)
FN:173,(anonymous_23)
FN:176,(anonymous_24)
FN:177,(anonymous_25)
FN:190,(anonymous_26)
FNF:27
FNH:1
FNDA:0,(anonymous_0)
FNDA:0,(anonymous_1)
FNDA:0,(anonymous_2)
FNDA:0,(anonymous_3)
FNDA:0,(anonymous_4)
FNDA:0,(anonymous_5)
FNDA:0,(anonymous_6)
FNDA:0,(anonymous_7)
FNDA:0,(anonymous_8)
FNDA:0,(anonymous_9)
FNDA:0,(anonymous_10)
FNDA:0,(anonymous_11)
FNDA:1,(anonymous_12)
FNDA:0,(anonymous_13)
FNDA:0,(anonymous_14)
FNDA:0,(anonymous_15)
FNDA:0,(anonymous_16)
FNDA:0,(anonymous_17)
FNDA:0,(anonymous_18)
FNDA:0,(anonymous_19)
FNDA:0,(anonymous_20)
FNDA:0,(anonymous_21)
FNDA:0,(anonymous_22)
FNDA:0,(anonymous_23)
FNDA:0,(anonymous_24)
FNDA:0,(anonymous_25)
FNDA:0,(anonymous_26)
DA:8,1
DA:9,0
DA:12,1
DA:13,0
DA:14,0
DA:15,0
DA:16,0
DA:21,0
DA:22,0
DA:30,0
DA:31,0
DA:33,0
DA:35,0
DA:39,1
DA:40,0
DA:41,0
DA:42,0
DA:44,0
DA:45,0
DA:46,0
DA:47,0
DA:51,0
DA:52,0
DA:55,1
DA:56,0
DA:57,0
DA:59,0
DA:60,0
DA:61,0
DA:63,0
DA:66,1
DA:67,0
DA:69,0
DA:70,0
DA:71,0
DA:73,0
DA:75,0
DA:76,0
DA:77,0
DA:78,0
DA:80,0
DA:81,0
DA:83,0
DA:84,0
DA:85,0
DA:87,0
DA:93,1
DA:94,1
DA:95,0
DA:96,0
DA:99,1
DA:100,0
DA:101,0
DA:102,0
DA:103,0
DA:106,0
DA:110,1
DA:111,0
DA:115,1
DA:116,0
DA:118,0
DA:119,0
DA:120,0
DA:121,0
DA:122,0
DA:123,0
DA:124,0
DA:125,0
DA:126,0
DA:127,0
DA:128,0
DA:129,0
DA:132,0
DA:133,0
DA:136,0
DA:139,0
DA:140,0
DA:141,0
DA:142,0
DA:147,0
DA:148,0
DA:149,0
DA:156,1
DA:157,0
DA:158,0
DA:159,0
DA:160,0
DA:161,0
DA:162,0
DA:164,0
DA:165,0
DA:167,0
DA:168,0
DA:170,0
DA:173,1
DA:174,0
DA:175,0
DA:176,0
DA:177,0
DA:178,0
DA:179,0
DA:180,0
DA:182,0
DA:185,0
DA:189,0
DA:190,0
DA:191,0
DA:192,0
DA:193,0
DA:195,0
DA:198,0
LF:111
LH:12
BRDA:12,0,0,0
BRDA:12,1,0,0
BRDA:12,2,0,0
BRDA:15,3,0,0
BRDA:15,3,1,0
BRDA:16,4,0,0
BRDA:16,4,1,0
BRDA:21,5,0,0
BRDA:21,5,1,0
BRDA:21,6,0,0
BRDA:21,6,1,0
BRDA:23,7,0,0
BRDA:23,7,1,0
BRDA:30,8,0,0
BRDA:30,8,1,0
BRDA:31,9,0,0
BRDA:31,9,1,0
BRDA:31,10,0,0
BRDA:31,10,1,0
BRDA:45,11,0,0
BRDA:45,11,1,0
BRDA:51,12,0,0
BRDA:51,12,1,0
BRDA:66,13,0,0
BRDA:69,14,0,0
BRDA:69,14,1,0
BRDA:70,15,0,0
BRDA:70,15,1,0
BRDA:75,16,0,0
BRDA:75,16,1,0
BRDA:76,17,0,0
BRDA:76,17,1,0
BRDA:83,18,0,0
BRDA:83,18,1,0
BRDA:84,19,0,0
BRDA:84,19,1,0
BRDA:94,20,0,0
BRDA:94,20,1,1
BRDA:100,21,0,0
BRDA:100,21,1,0
BRDA:103,22,0,0
BRDA:103,22,1,0
BRDA:110,23,0,0
BRDA:110,23,1,1
BRDA:111,24,0,0
BRDA:111,24,1,0
BRDA:115,25,0,0
BRDA:115,26,0,0
BRDA:115,27,0,0
BRDA:115,28,0,0
BRDA:115,29,0,0
BRDA:118,30,0,0
BRDA:118,30,1,0
BRDA:120,31,0,0
BRDA:120,31,1,0
BRDA:120,32,0,0
BRDA:120,32,1,0
BRDA:120,32,2,0
BRDA:121,33,0,0
BRDA:121,33,1,0
BRDA:121,34,0,0
BRDA:121,34,1,0
BRDA:124,35,0,0
BRDA:124,35,1,0
BRDA:127,36,0,0
BRDA:127,36,1,0
BRDA:128,37,0,0
BRDA:128,37,1,0
BRDA:139,38,0,0
BRDA:139,38,1,0
BRDA:147,39,0,0
BRDA:147,39,1,0
BRDA:148,40,0,0
BRDA:148,40,1,0
BRDA:156,41,0,0
BRDA:156,42,0,0
BRDA:160,43,0,0
BRDA:160,43,1,0
BRDA:162,44,0,0
BRDA:162,44,1,0
BRDA:165,45,0,0
BRDA:165,45,1,0
BRDA:165,46,0,0
BRDA:165,46,1,0
BRDA:168,47,0,0
BRDA:168,47,1,0
BRDA:173,48,0,0
BRDA:174,49,0,0
BRDA:174,49,1,0
BRDA:175,50,0,0
BRDA:175,50,1,0
BRDA:177,51,0,0
BRDA:177,51,1,0
BRDA:178,52,0,0
BRDA:178,52,1,0
BRDA:179,53,0,0
BRDA:179,53,1,0
BRDA:189,54,0,0
BRDA:189,54,1,0
BRDA:190,55,0,0
BRDA:190,55,1,0
BRDA:191,56,0,0
BRDA:191,56,1,0
BRDA:192,57,0,0
BRDA:192,57,1,0
BRF:105
BRH:2
end_of_record
TN:
SF:src\utils\sequelize-scopes.util.js
FN:10,(anonymous_0)
FN:25,(anonymous_1)
FN:31,(anonymous_2)
FN:41,(anonymous_3)
FN:55,(anonymous_4)
FN:60,(anonymous_5)
FN:62,(anonymous_6)
FN:65,(anonymous_7)
FN:83,(anonymous_8)
FN:94,(anonymous_9)
FN:96,(anonymous_10)
FNF:11
FNH:2
FNDA:0,(anonymous_0)
FNDA:0,(anonymous_1)
FNDA:0,(anonymous_2)
FNDA:0,(anonymous_3)
FNDA:17,(anonymous_4)
FNDA:0,(anonymous_5)
FNDA:204,(anonymous_6)
FNDA:0,(anonymous_7)
FNDA:0,(anonymous_8)
FNDA:0,(anonymous_9)
FNDA:0,(anonymous_10)
DA:7,1
DA:8,1
DA:10,1
DA:11,0
DA:13,0
DA:15,0
DA:17,0
DA:19,0
DA:21,0
DA:25,1
DA:26,0
DA:27,0
DA:28,0
DA:30,0
DA:31,0
DA:32,0
DA:33,0
DA:34,0
DA:36,0
DA:40,0
DA:41,0
DA:42,0
DA:43,0
DA:44,0
DA:45,0
DA:47,0
DA:52,0
DA:55,1
DA:56,17
DA:57,17
DA:59,17
DA:60,17
DA:62,17
DA:63,204
DA:64,187
DA:65,187
DA:66,0
DA:67,0
DA:68,0
DA:69,0
DA:70,0
DA:71,0
DA:72,0
DA:75,0
DA:76,0
DA:78,0
DA:79,0
DA:80,0
DA:83,187
DA:84,0
DA:85,0
DA:86,0
DA:87,0
DA:88,0
DA:94,1
DA:96,1
DA:97,0
DA:100,0
DA:103,0
LF:59
LH:16
BRDA:11,0,0,0
BRDA:11,0,1,0
BRDA:11,0,2,0
BRDA:11,0,3,0
BRDA:11,0,4,0
BRDA:25,1,0,0
BRDA:30,2,0,0
BRDA:30,2,1,0
BRDA:32,3,0,0
BRDA:32,3,1,0
BRDA:33,4,0,0
BRDA:33,4,1,0
BRDA:33,5,0,0
BRDA:33,5,1,0
BRDA:33,5,2,0
BRDA:36,6,0,0
BRDA:36,6,1,0
BRDA:40,7,0,0
BRDA:40,7,1,0
BRDA:42,8,0,0
BRDA:42,8,1,0
BRDA:44,9,0,0
BRDA:44,9,1,0
BRDA:44,10,0,0
BRDA:44,10,1,0
BRDA:44,10,2,0
BRDA:55,11,0,0
BRDA:63,12,0,17
BRDA:63,12,1,187
BRDA:66,13,0,0
BRDA:66,13,1,0
BRDA:68,14,0,0
BRDA:68,14,1,0
BRDA:75,15,0,0
BRDA:75,15,1,0
BRDA:75,16,0,0
BRDA:75,16,1,0
BRDA:78,17,0,0
BRDA:78,17,1,0
BRDA:79,18,0,0
BRDA:79,18,1,0
BRDA:80,19,0,0
BRDA:80,19,1,0
BRDA:84,20,0,0
BRDA:84,20,1,0
BRDA:86,21,0,0
BRDA:86,21,1,0
BRF:47
BRH:2
end_of_record
TN:
SF:src\utils\utils.js
FN:10,(anonymous_0)
FN:10,(anonymous_1)
FN:10,(anonymous_2)
FN:13,(anonymous_3)
FN:14,(anonymous_4)
FN:17,(anonymous_5)
FN:18,(anonymous_6)
FN:29,(anonymous_7)
FN:32,(anonymous_8)
FN:38,(anonymous_9)
FN:45,(anonymous_10)
FN:79,(anonymous_11)
FN:81,(anonymous_12)
FN:87,(anonymous_13)
FN:89,(anonymous_14)
FN:91,(anonymous_15)
FN:93,(anonymous_16)
FN:95,(anonymous_17)
FN:100,(anonymous_18)
FN:107,(anonymous_19)
FN:108,(anonymous_20)
FN:111,(anonymous_21)
FN:125,(anonymous_22)
FN:129,(anonymous_23)
FN:132,(anonymous_24)
FN:134,(anonymous_25)
FN:146,(anonymous_26)
FN:157,(anonymous_27)
FN:201,(anonymous_28)
FN:206,(anonymous_29)
FN:213,(anonymous_30)
FN:218,(anonymous_31)
FN:220,(anonymous_32)
FN:222,(anonymous_33)
FN:232,(anonymous_34)
FN:238,(anonymous_35)
FN:240,(anonymous_36)
FN:246,(anonymous_37)
FN:247,(anonymous_38)
FN:253,(anonymous_39)
FN:259,(anonymous_40)
FN:268,(anonymous_41)
FN:280,(anonymous_42)
FN:292,(anonymous_43)
FN:294,(anonymous_44)
FN:298,(anonymous_45)
FN:300,(anonymous_46)
FN:304,(anonymous_47)
FN:305,(anonymous_48)
FN:309,(anonymous_49)
FN:317,(anonymous_50)
FN:335,(anonymous_51)
FN:336,(anonymous_52)
FN:338,(anonymous_53)
FNF:54
FNH:1
FNDA:0,(anonymous_0)
FNDA:0,(anonymous_1)
FNDA:0,(anonymous_2)
FNDA:0,(anonymous_3)
FNDA:1,(anonymous_4)
FNDA:0,(anonymous_5)
FNDA:0,(anonymous_6)
FNDA:0,(anonymous_7)
FNDA:0,(anonymous_8)
FNDA:0,(anonymous_9)
FNDA:0,(anonymous_10)
FNDA:0,(anonymous_11)
FNDA:0,(anonymous_12)
FNDA:0,(anonymous_13)
FNDA:0,(anonymous_14)
FNDA:0,(anonymous_15)
FNDA:0,(anonymous_16)
FNDA:0,(anonymous_17)
FNDA:0,(anonymous_18)
FNDA:0,(anonymous_19)
FNDA:0,(anonymous_20)
FNDA:0,(anonymous_21)
FNDA:0,(anonymous_22)
FNDA:0,(anonymous_23)
FNDA:0,(anonymous_24)
FNDA:0,(anonymous_25)
FNDA:0,(anonymous_26)
FNDA:0,(anonymous_27)
FNDA:0,(anonymous_28)
FNDA:0,(anonymous_29)
FNDA:0,(anonymous_30)
FNDA:0,(anonymous_31)
FNDA:0,(anonymous_32)
FNDA:0,(anonymous_33)
FNDA:0,(anonymous_34)
FNDA:0,(anonymous_35)
FNDA:0,(anonymous_36)
FNDA:0,(anonymous_37)
FNDA:0,(anonymous_38)
FNDA:0,(anonymous_39)
FNDA:0,(anonymous_40)
FNDA:0,(anonymous_41)
FNDA:0,(anonymous_42)
FNDA:0,(anonymous_43)
FNDA:0,(anonymous_44)
FNDA:0,(anonymous_45)
FNDA:0,(anonymous_46)
FNDA:0,(anonymous_47)
FNDA:0,(anonymous_48)
FNDA:0,(anonymous_49)
FNDA:0,(anonymous_50)
FNDA:0,(anonymous_51)
FNDA:0,(anonymous_52)
FNDA:0,(anonymous_53)
DA:10,1
DA:12,1
DA:13,0
DA:14,1
DA:17,1
DA:18,0
DA:19,0
DA:20,0
DA:21,0
DA:23,0
DA:26,0
DA:29,1
DA:30,0
DA:31,0
DA:32,0
DA:33,0
DA:35,0
DA:38,1
DA:39,0
DA:40,0
DA:41,0
DA:42,0
DA:45,1
DA:46,0
DA:47,0
DA:48,0
DA:49,0
DA:52,0
DA:53,0
DA:57,0
DA:59,0
DA:60,0
DA:61,0
DA:62,0
DA:64,0
DA:66,0
DA:68,0
DA:69,0
DA:70,0
DA:71,0
DA:72,0
DA:74,0
DA:79,1
DA:81,1
DA:82,0
DA:83,0
DA:87,1
DA:89,1
DA:91,1
DA:93,1
DA:95,1
DA:96,0
DA:97,0
DA:99,0
DA:100,0
DA:101,0
DA:102,0
DA:105,0
DA:106,0
DA:107,0
DA:108,0
DA:109,0
DA:111,0
DA:113,0
DA:114,0
DA:115,0
DA:117,0
DA:118,0
DA:119,0
DA:122,0
DA:125,1
DA:126,0
DA:127,0
DA:128,0
DA:129,0
DA:132,1
DA:134,1
DA:135,0
DA:136,0
DA:138,0
DA:139,0
DA:140,0
DA:141,0
DA:142,0
DA:144,0
DA:146,0
DA:147,0
DA:148,0
DA:150,0
DA:153,0
DA:157,1
DA:158,0
DA:180,0
DA:181,0
DA:184,0
DA:185,0
DA:186,0
DA:187,0
DA:188,0
DA:189,0
DA:190,0
DA:191,0
DA:192,0
DA:193,0
DA:194,0
DA:195,0
DA:196,0
DA:197,0
DA:201,1
DA:202,0
DA:203,0
DA:206,1
DA:207,0
DA:208,0
DA:209,0
DA:210,0
DA:213,1
DA:214,0
DA:215,0
DA:218,1
DA:220,1
DA:222,1
DA:223,0
DA:224,0
DA:225,0
DA:227,0
DA:229,0
DA:232,1
DA:233,0
DA:234,0
DA:235,0
DA:238,1
DA:239,0
DA:240,0
DA:243,0
DA:246,1
DA:247,0
DA:248,0
DA:249,0
DA:250,0
DA:253,1
DA:255,0
DA:256,0
DA:259,1
DA:263,0
DA:264,0
DA:265,0
DA:268,1
DA:269,0
DA:270,0
DA:271,0
DA:272,0
DA:273,0
DA:275,0
DA:276,0
DA:277,0
DA:280,1
DA:282,0
DA:283,0
DA:284,0
DA:285,0
DA:287,0
DA:289,0
DA:292,1
DA:294,0
DA:295,0
DA:298,1
DA:300,1
DA:301,0
DA:304,0
DA:305,0
DA:309,1
DA:310,0
DA:311,0
DA:312,0
DA:314,0
DA:317,1
DA:318,0
DA:319,0
DA:320,0
DA:322,0
DA:332,0
DA:335,1
DA:336,0
DA:337,0
DA:339,0
DA:342,0
LF:187
LH:37
BRDA:10,0,0,0
BRDA:10,1,0,0
BRDA:13,2,0,0
BRDA:13,2,1,0
BRDA:30,3,0,0
BRDA:30,3,1,0
BRDA:35,4,0,0
BRDA:35,4,1,0
BRDA:46,5,0,0
BRDA:46,5,1,0
BRDA:48,6,0,0
BRDA:48,6,1,0
BRDA:52,7,0,0
BRDA:52,7,1,0
BRDA:53,8,0,0
BRDA:53,8,1,0
BRDA:57,9,0,0
BRDA:57,9,1,0
BRDA:59,10,0,0
BRDA:59,10,1,0
BRDA:60,11,0,0
BRDA:60,11,1,0
BRDA:61,12,0,0
BRDA:61,12,1,0
BRDA:69,13,0,0
BRDA:69,13,1,0
BRDA:71,14,0,0
BRDA:71,14,1,0
BRDA:82,15,0,0
BRDA:82,15,1,0
BRDA:82,16,0,0
BRDA:82,16,1,0
BRDA:87,17,0,0
BRDA:87,17,1,0
BRDA:101,18,0,0
BRDA:101,18,1,0
BRDA:114,19,0,0
BRDA:114,19,1,0
BRDA:117,20,0,0
BRDA:117,20,1,0
BRDA:126,21,0,0
BRDA:126,21,1,0
BRDA:128,22,0,0
BRDA:128,22,1,0
BRDA:132,23,0,0
BRDA:132,23,1,0
BRDA:132,24,0,0
BRDA:132,24,1,0
BRDA:132,24,2,0
BRDA:132,24,3,0
BRDA:134,25,0,0
BRDA:134,26,0,0
BRDA:135,27,0,0
BRDA:135,27,1,0
BRDA:136,28,0,0
BRDA:136,28,1,0
BRDA:139,29,0,0
BRDA:139,29,1,0
BRDA:139,30,0,0
BRDA:139,30,1,0
BRDA:140,31,0,0
BRDA:140,31,1,0
BRDA:140,32,0,0
BRDA:140,32,1,0
BRDA:141,33,0,0
BRDA:141,33,1,0
BRDA:141,34,0,0
BRDA:141,34,1,0
BRDA:142,35,0,0
BRDA:142,35,1,0
BRDA:142,36,0,0
BRDA:142,36,1,0
BRDA:147,37,0,0
BRDA:147,37,1,0
BRDA:148,38,0,0
BRDA:148,38,1,0
BRDA:186,39,0,0
BRDA:186,39,1,0
BRDA:189,40,0,0
BRDA:189,40,1,0
BRDA:191,41,0,0
BRDA:191,41,1,0
BRDA:191,42,0,0
BRDA:191,42,1,0
BRDA:192,43,0,0
BRDA:192,43,1,0
BRDA:192,44,0,0
BRDA:192,44,1,0
BRDA:193,45,0,0
BRDA:193,45,1,0
BRDA:193,46,0,0
BRDA:193,46,1,0
BRDA:194,47,0,0
BRDA:194,47,1,0
BRDA:194,48,0,0
BRDA:194,48,1,0
BRDA:195,49,0,0
BRDA:195,49,1,0
BRDA:195,50,0,0
BRDA:195,50,1,0
BRDA:196,51,0,0
BRDA:196,51,1,0
BRDA:196,52,0,0
BRDA:196,52,1,0
BRDA:196,53,0,0
BRDA:196,53,1,0
BRDA:207,54,0,0
BRDA:207,54,1,0
BRDA:222,55,0,0
BRDA:225,56,0,0
BRDA:225,56,1,0
BRDA:234,57,0,0
BRDA:234,57,1,0
BRDA:246,58,0,0
BRDA:246,59,0,0
BRDA:248,60,0,0
BRDA:248,60,1,0
BRDA:249,61,0,0
BRDA:249,61,1,0
BRDA:255,62,0,0
BRDA:255,62,1,0
BRDA:255,63,0,0
BRDA:255,63,1,0
BRDA:261,64,0,0
BRDA:261,65,0,0
BRDA:261,66,0,0
BRDA:261,67,0,0
BRDA:263,68,0,0
BRDA:263,68,1,0
BRDA:272,69,0,0
BRDA:272,69,1,0
BRDA:275,70,0,0
BRDA:275,70,1,0
BRDA:276,71,0,0
BRDA:276,71,1,0
BRDA:280,72,0,0
BRDA:280,73,0,0
BRDA:280,74,0,0
BRDA:282,75,0,0
BRDA:282,75,1,0
BRDA:284,76,0,0
BRDA:284,76,1,0
BRDA:295,77,0,0
BRDA:295,77,1,0
BRDA:339,78,0,0
BRDA:339,78,1,0
BRF:146
BRH:0
end_of_record
TN:
SF:src\validators\authentication.validator.js
FN:35,(anonymous_0)
FN:47,(anonymous_1)
FN:74,(anonymous_2)
FNF:3
FNH:0
FNDA:0,(anonymous_0)
FNDA:0,(anonymous_1)
FNDA:0,(anonymous_2)
DA:7,1
DA:27,1
DA:36,0
DA:37,0
DA:38,0
DA:42,1
DA:48,0
DA:49,0
DA:50,0
DA:54,0
DA:55,0
DA:56,0
DA:58,0
DA:59,0
DA:61,0
DA:75,0
DA:76,0
DA:77,0
DA:79,0
LF:19
LH:3
BRDA:37,0,0,0
BRDA:37,0,1,0
BRDA:54,1,0,0
BRDA:54,1,1,0
BRDA:58,2,0,0
BRDA:58,2,1,0
BRDA:76,3,0,0
BRDA:76,3,1,0
BRF:8
BRH:0
end_of_record
TN:
SF:src\validators\checkout.validator.js
FN:9,(anonymous_0)
FN:37,(anonymous_1)
FN:53,(anonymous_2)
FN:58,(anonymous_3)
FNF:4
FNH:0
FNDA:0,(anonymous_0)
FNDA:0,(anonymous_1)
FNDA:0,(anonymous_2)
FNDA:0,(anonymous_3)
DA:5,1
DA:10,0
DA:12,0
DA:13,0
DA:16,0
DA:17,0
DA:20,0
DA:21,0
DA:22,0
DA:25,0
DA:26,0
DA:27,0
DA:28,0
DA:32,0
DA:38,0
DA:39,0
DA:42,0
DA:43,0
DA:44,0
DA:47,0
DA:53,0
DA:58,0
LF:22
LH:1
BRDA:12,0,0,0
BRDA:12,0,1,0
BRDA:16,1,0,0
BRDA:16,1,1,0
BRDA:21,2,0,0
BRDA:21,2,1,0
BRDA:25,3,0,0
BRDA:25,3,1,0
BRDA:27,4,0,0
BRDA:27,4,1,0
BRDA:38,5,0,0
BRDA:38,5,1,0
BRDA:43,6,0,0
BRDA:43,6,1,0
BRF:14
BRH:0
end_of_record
TN:
SF:src\validators\index.js
FN:6,(anonymous_0)
FN:8,(anonymous_1)
FNF:2
FNH:0
FNDA:0,(anonymous_0)
FNDA:0,(anonymous_1)
DA:6,1
DA:7,0
DA:8,0
DA:9,0
DA:13,0
LF:5
LH:1
BRF:0
BRH:0
end_of_record
TN:
SF:src\validators\me.validator.js
FNF:0
FNH:0
DA:3,1
LF:1
LH:1
BRF:0
BRH:0
end_of_record
